   1              		.cpu arm7tdmi
   2              		.fpu softvfp
   3              		.eabi_attribute 20, 1
   4              		.eabi_attribute 21, 1
   5              		.eabi_attribute 23, 3
   6              		.eabi_attribute 24, 1
   7              		.eabi_attribute 25, 1
   8              		.eabi_attribute 26, 1
   9              		.eabi_attribute 30, 6
  10              		.eabi_attribute 18, 4
  11              		.file	"lab6.c"
  21              	.Ltext0:
  22              		.file 1 "../lab6.c"
 2068              		.align	2
 2069              	.LC0:
 2070 0000 0A446574 		.ascii	"\012Detecci\363n de presi\363n:\012\000"
 2070      65636369 
 2070      F36E2064 
 2070      65207072 
 2070      657369F3 
 2071              		.align	2
 2072              	.LC1:
 2073 0018 20202D20 		.ascii	"  - Pulse el boton izquierdo\012\000"
 2073      50756C73 
 2073      6520656C 
 2073      20626F74 
 2073      6F6E2069 
 2074 0036 0000     		.align	2
 2075              	.LC2:
 2076 0038 20202D20 		.ascii	"  - Pulse el boton derecho\012\000"
 2076      50756C73 
 2076      6520656C 
 2076      20626F74 
 2076      6F6E2064 
 2077              		.align	2
 2078              	.LC3:
 2079 0054 20202D20 		.ascii	"  - Pulse alguna tecla\012\000"
 2079      50756C73 
 2079      6520616C 
 2079      67756E61 
 2079      20746563 
 2080              		.align	2
 2081              	.LC4:
 2082 006c 20202D20 		.ascii	"  - Pulse la tecla 7 \012\000"
 2082      50756C73 
 2082      65206C61 
 2082      20746563 
 2082      6C612037 
 2083 0083 00       		.align	2
 2084              	.LC5:
 2085 0084 0A446574 		.ascii	"\012Detecci\363n de depresi\363n:\012\000"
 2085      65636369 
 2085      F36E2064 
 2085      65206465 
 2085      70726573 
 2086 009e 0000     		.align	2
 2087              	.LC6:
 2088 00a0 0A50756C 		.ascii	"\012Pulse botones y/o teclas del keypad:\012\000"
 2088      73652062 
 2088      6F746F6E 
 2088      65732079 
 2088      2F6F2074 
 2089              		.text
 2090              		.align	2
 2091              		.global	main
 2093              	main:
 2094              	.LFB0:
   1:../lab6.c     **** /*-------------------------------------------------------------------
   2:../lab6.c     **** **
   3:../lab6.c     **** **  Fichero:
   4:../lab6.c     **** **    lab6.c  26/4/2013
   5:../lab6.c     **** **
   6:../lab6.c     **** **    (c) J.M. Mendias
   7:../lab6.c     **** **    Programación de Sistemas y Dispositivos
   8:../lab6.c     **** **    Facultad de Informática. Universidad Complutense de Madrid
   9:../lab6.c     **** **
  10:../lab6.c     **** **  Propósito:
  11:../lab6.c     **** **    Test del laboratorio 6
  12:../lab6.c     **** **
  13:../lab6.c     **** **  Notas de diseño:
  14:../lab6.c     **** **
  15:../lab6.c     **** **-----------------------------------------------------------------*/
  16:../lab6.c     **** 
  17:../lab6.c     **** #include <s3c44b0x.h>
  18:../lab6.c     **** #include <s3cev40.h>
  19:../lab6.c     **** #include <common_types.h>
  20:../lab6.c     **** #include <uart.h>
  21:../lab6.c     **** #include <system.h>
  22:../lab6.c     **** #include <keypad.h>
  23:../lab6.c     **** #include <pbs.h>
  24:../lab6.c     **** 
  25:../lab6.c     **** void isr_keypad( void ) __attribute__ ((interrupt ("IRQ")));
  26:../lab6.c     **** void isr_pb( void ) __attribute__ ((interrupt ("IRQ")));
  27:../lab6.c     **** 
  28:../lab6.c     **** void main( void )
  29:../lab6.c     **** {
 2095              		.loc 1 29 0
 2096              		.cfi_startproc
 2097              		@ Function supports interworking.
 2098              		@ args = 0, pretend = 0, frame = 0
 2099              		@ frame_needed = 1, uses_anonymous_args = 0
 2100 0000 0DC0A0E1 		mov	ip, sp
 2101              	.LCFI0:
 2102              		.cfi_def_cfa_register 12
 2103 0004 00D82DE9 		stmfd	sp!, {fp, ip, lr, pc}
 2104 0008 04B04CE2 		sub	fp, ip, #4
 2105              		.cfi_offset 14, -8
 2106              		.cfi_offset 13, -12
 2107              		.cfi_offset 11, -16
 2108              	.LCFI1:
 2109              		.cfi_def_cfa 11, 4
  30:../lab6.c     **** 
  31:../lab6.c     ****     sys_init();
 2110              		.loc 1 31 0
 2111 000c FEFFFFEB 		bl	sys_init
  32:../lab6.c     ****     uart0_init();
 2112              		.loc 1 32 0
 2113 0010 FEFFFFEB 		bl	uart0_init
  33:../lab6.c     ****     keypad_init();
 2114              		.loc 1 33 0
 2115 0014 FEFFFFEB 		bl	keypad_init
  34:../lab6.c     ****     pbs_init();
 2116              		.loc 1 34 0
 2117 0018 FEFFFFEB 		bl	pbs_init
  35:../lab6.c     **** 
  36:../lab6.c     ****     /************************************/
  37:../lab6.c     **** 
  38:../lab6.c     ****     uart0_puts( "\nDetección de presión:\n" );
 2118              		.loc 1 38 0
 2119 001c 9C009FE5 		ldr	r0, .L3
 2120 0020 FEFFFFEB 		bl	uart0_puts
  39:../lab6.c     **** 
  40:../lab6.c     ****     uart0_puts( "  - Pulse el boton izquierdo\n" );
 2121              		.loc 1 40 0
 2122 0024 98009FE5 		ldr	r0, .L3+4
 2123 0028 FEFFFFEB 		bl	uart0_puts
  41:../lab6.c     ****     pb_wait_keydown( PB_LEFT );
 2124              		.loc 1 41 0
 2125 002c 4000A0E3 		mov	r0, #64
 2126 0030 FEFFFFEB 		bl	pb_wait_keydown
  42:../lab6.c     **** 
  43:../lab6.c     ****     uart0_puts( "  - Pulse el boton derecho\n" );
 2127              		.loc 1 43 0
 2128 0034 8C009FE5 		ldr	r0, .L3+8
 2129 0038 FEFFFFEB 		bl	uart0_puts
  44:../lab6.c     ****     pb_wait_keydown( PB_RIGHT );
 2130              		.loc 1 44 0
 2131 003c 8000A0E3 		mov	r0, #128
 2132 0040 FEFFFFEB 		bl	pb_wait_keydown
  45:../lab6.c     **** 
  46:../lab6.c     ****     uart0_puts( "  - Pulse alguna tecla\n" );
 2133              		.loc 1 46 0
 2134 0044 80009FE5 		ldr	r0, .L3+12
 2135 0048 FEFFFFEB 		bl	uart0_puts
  47:../lab6.c     ****     keypad_wait_any_keydown( );
 2136              		.loc 1 47 0
 2137 004c FEFFFFEB 		bl	keypad_wait_any_keydown
  48:../lab6.c     **** 
  49:../lab6.c     ****     uart0_puts( "  - Pulse la tecla 7 \n" );
 2138              		.loc 1 49 0
 2139 0050 78009FE5 		ldr	r0, .L3+16
 2140 0054 FEFFFFEB 		bl	uart0_puts
  50:../lab6.c     ****     keypad_wait_keydown( KEYPAD_KEY7 );
 2141              		.loc 1 50 0
 2142 0058 0700A0E3 		mov	r0, #7
 2143 005c FEFFFFEB 		bl	keypad_wait_keydown
  51:../lab6.c     **** 
  52:../lab6.c     ****     /************************************/
  53:../lab6.c     **** 
  54:../lab6.c     ****     uart0_puts( "\nDetección de depresión:\n" );
 2144              		.loc 1 54 0
 2145 0060 6C009FE5 		ldr	r0, .L3+20
 2146 0064 FEFFFFEB 		bl	uart0_puts
  55:../lab6.c     **** 
  56:../lab6.c     ****     uart0_puts( "  - Pulse el boton izquierdo\n" );
 2147              		.loc 1 56 0
 2148 0068 54009FE5 		ldr	r0, .L3+4
 2149 006c FEFFFFEB 		bl	uart0_puts
  57:../lab6.c     ****     pb_wait_keyup( PB_LEFT );
 2150              		.loc 1 57 0
 2151 0070 4000A0E3 		mov	r0, #64
 2152 0074 FEFFFFEB 		bl	pb_wait_keyup
  58:../lab6.c     **** 
  59:../lab6.c     ****     uart0_puts( "  - Pulse el boton derecho\n" );
 2153              		.loc 1 59 0
 2154 0078 48009FE5 		ldr	r0, .L3+8
 2155 007c FEFFFFEB 		bl	uart0_puts
  60:../lab6.c     ****     pb_wait_keyup( PB_RIGHT );
 2156              		.loc 1 60 0
 2157 0080 8000A0E3 		mov	r0, #128
 2158 0084 FEFFFFEB 		bl	pb_wait_keyup
  61:../lab6.c     **** 
  62:../lab6.c     ****     uart0_puts( "  - Pulse alguna tecla\n" );
 2159              		.loc 1 62 0
 2160 0088 3C009FE5 		ldr	r0, .L3+12
 2161 008c FEFFFFEB 		bl	uart0_puts
  63:../lab6.c     ****     keypad_wait_any_keyup( );
 2162              		.loc 1 63 0
 2163 0090 FEFFFFEB 		bl	keypad_wait_any_keyup
  64:../lab6.c     **** 
  65:../lab6.c     ****     uart0_puts( "  - Pulse la tecla 7 \n" );
 2164              		.loc 1 65 0
 2165 0094 34009FE5 		ldr	r0, .L3+16
 2166 0098 FEFFFFEB 		bl	uart0_puts
  66:../lab6.c     ****     keypad_wait_keyup( KEYPAD_KEY7 );
 2167              		.loc 1 66 0
 2168 009c 0700A0E3 		mov	r0, #7
 2169 00a0 FEFFFFEB 		bl	keypad_wait_keyup
  67:../lab6.c     **** 
  68:../lab6.c     ****     /************************************/
  69:../lab6.c     **** 
  70:../lab6.c     ****     uart0_puts( "\nPulse botones y/o teclas del keypad:\n" );
 2170              		.loc 1 70 0
 2171 00a4 2C009FE5 		ldr	r0, .L3+24
 2172 00a8 FEFFFFEB 		bl	uart0_puts
  71:../lab6.c     ****     keypad_open( isr_keypad );
 2173              		.loc 1 71 0
 2174 00ac 28009FE5 		ldr	r0, .L3+28
 2175 00b0 FEFFFFEB 		bl	keypad_open
  72:../lab6.c     ****     pbs_open( isr_pb );
 2176              		.loc 1 72 0
 2177 00b4 24009FE5 		ldr	r0, .L3+32
 2178 00b8 FEFFFFEB 		bl	pbs_open
 2179              	.L2:
  73:../lab6.c     **** 
  74:../lab6.c     ****     /************************************/
  75:../lab6.c     **** 
  76:../lab6.c     ****     while( 1 );
 2180              		.loc 1 76 0 discriminator 1
 2181 00bc FEFFFFEA 		b	.L2
 2182              	.L4:
 2183              		.align	2
 2184              	.L3:
 2185 00c0 00000000 		.word	.LC0
 2186 00c4 18000000 		.word	.LC1
 2187 00c8 38000000 		.word	.LC2
 2188 00cc 54000000 		.word	.LC3
 2189 00d0 6C000000 		.word	.LC4
 2190 00d4 84000000 		.word	.LC5
 2191 00d8 A0000000 		.word	.LC6
 2192 00dc 00000000 		.word	isr_keypad
 2193 00e0 00000000 		.word	isr_pb
 2194              		.cfi_endproc
 2195              	.LFE0:
 2197              		.section	.rodata
 2198 00c7 00       		.align	2
 2199              	.LC7:
 2200 00c8 20202D20 		.ascii	"  - KEYPAD TIMEOUT\012\000"
 2200      4B455950 
 2200      41442054 
 2200      494D454F 
 2200      55540A00 
 2201              		.align	2
 2202              	.LC8:
 2203 00dc 20202D20 		.ascii	"  - KEYPAD FAILURE\012\000"
 2203      4B455950 
 2203      41442046 
 2203      41494C55 
 2203      52450A00 
 2204              		.align	2
 2205              	.LC9:
 2206 00f0 20202D20 		.ascii	"  - Tecla pulsada: 0x\000"
 2206      5465636C 
 2206      61207075 
 2206      6C736164 
 2206      613A2030 
 2207 0106 0000     		.align	2
 2208              	.LC10:
 2209 0108 20647572 		.ascii	" durante \000"
 2209      616E7465 
 2209      2000
 2210 0112 0000     		.align	2
 2211              	.LC11:
 2212 0114 206D7320 		.ascii	" ms \012\000"
 2212      0A00
 2213              		.text
 2214              		.align	2
 2215              		.global	isr_keypad
 2217              	isr_keypad:
 2218              	.LFB1:
  77:../lab6.c     **** 
  78:../lab6.c     **** }
  79:../lab6.c     **** 
  80:../lab6.c     **** void isr_keypad( void )
  81:../lab6.c     **** {
 2219              		.loc 1 81 0
 2220              		.cfi_startproc
 2221              		@ Interrupt Service Routine.
 2222              		@ args = 0, pretend = 0, frame = 8
 2223              		@ frame_needed = 1, uses_anonymous_args = 0
 2224 00e4 04C02DE5 		str	ip, [sp, #-4]!
 2225 00e8 0DC0A0E1 		mov	ip, sp
 2226              	.LCFI2:
 2227              		.cfi_def_cfa_register 12
 2228 00ec 0FD82DE9 		stmfd	sp!, {r0, r1, r2, r3, fp, ip, lr, pc}
 2229 00f0 04B04CE2 		sub	fp, ip, #4
 2230              		.cfi_offset 14, -8
 2231              		.cfi_offset 13, -12
 2232              		.cfi_offset 11, -16
 2233              		.cfi_offset 3, -20
 2234              		.cfi_offset 2, -24
 2235              		.cfi_offset 1, -28
 2236              		.cfi_offset 0, -32
 2237              	.LCFI3:
 2238              		.cfi_def_cfa 11, 4
 2239 00f4 08D04DE2 		sub	sp, sp, #8
  82:../lab6.c     ****     uint8 scancode;
  83:../lab6.c     ****     uint16 time;
  84:../lab6.c     **** 
  85:../lab6.c     ****     scancode = keypad_getchartime( &time );
 2240              		.loc 1 85 0
 2241 00f8 20304BE2 		sub	r3, fp, #32
 2242 00fc 0300A0E1 		mov	r0, r3
 2243 0100 FEFFFFEB 		bl	keypad_getchartime
 2244 0104 0030A0E1 		mov	r3, r0
 2245 0108 1D304BE5 		strb	r3, [fp, #-29]
  86:../lab6.c     ****     switch( scancode )
 2246              		.loc 1 86 0
 2247 010c 1D305BE5 		ldrb	r3, [fp, #-29]	@ zero_extendqisi2
 2248 0110 FE0053E3 		cmp	r3, #254
 2249 0114 0200000A 		beq	.L7
 2250 0118 FF0053E3 		cmp	r3, #255
 2251 011c 0300000A 		beq	.L8
 2252 0120 050000EA 		b	.L10
 2253              	.L7:
  87:../lab6.c     ****     {
  88:../lab6.c     ****         case KEYPAD_TIMEOUT:
  89:../lab6.c     ****             uart0_puts( "  - KEYPAD TIMEOUT\n" );
 2254              		.loc 1 89 0
 2255 0124 5C009FE5 		ldr	r0, .L11
 2256 0128 FEFFFFEB 		bl	uart0_puts
  90:../lab6.c     ****             break;
 2257              		.loc 1 90 0
 2258 012c 0E0000EA 		b	.L9
 2259              	.L8:
  91:../lab6.c     ****         case KEYPAD_FAILURE:
  92:../lab6.c     ****             uart0_puts( "  - KEYPAD FAILURE\n" );
 2260              		.loc 1 92 0
 2261 0130 54009FE5 		ldr	r0, .L11+4
 2262 0134 FEFFFFEB 		bl	uart0_puts
  93:../lab6.c     ****             break;            
 2263              		.loc 1 93 0
 2264 0138 0B0000EA 		b	.L9
 2265              	.L10:
  94:../lab6.c     ****         default:
  95:../lab6.c     ****             uart0_puts( "  - Tecla pulsada: 0x" );
 2266              		.loc 1 95 0
 2267 013c 4C009FE5 		ldr	r0, .L11+8
 2268 0140 FEFFFFEB 		bl	uart0_puts
  96:../lab6.c     ****             uart0_puthex( scancode );
 2269              		.loc 1 96 0
 2270 0144 1D305BE5 		ldrb	r3, [fp, #-29]	@ zero_extendqisi2
 2271 0148 0300A0E1 		mov	r0, r3
 2272 014c FEFFFFEB 		bl	uart0_puthex
  97:../lab6.c     ****             uart0_puts( " durante " );
 2273              		.loc 1 97 0
 2274 0150 3C009FE5 		ldr	r0, .L11+12
 2275 0154 FEFFFFEB 		bl	uart0_puts
  98:../lab6.c     ****             uart0_putint( time );
 2276              		.loc 1 98 0
 2277 0158 B0325BE1 		ldrh	r3, [fp, #-32]
 2278 015c 0300A0E1 		mov	r0, r3
 2279 0160 FEFFFFEB 		bl	uart0_putint
  99:../lab6.c     ****             uart0_puts( " ms \n" );
 2280              		.loc 1 99 0
 2281 0164 2C009FE5 		ldr	r0, .L11+16
 2282 0168 FEFFFFEB 		bl	uart0_puts
 2283              	.L9:
 100:../lab6.c     ****     }
 101:../lab6.c     ****     I_ISPC = BIT_KEYPAD;
 2284              		.loc 1 101 0
 2285 016c 28309FE5 		ldr	r3, .L11+20
 2286 0170 0124A0E3 		mov	r2, #16777216
 2287 0174 002083E5 		str	r2, [r3, #0]
 102:../lab6.c     **** }
 2288              		.loc 1 102 0
 2289 0178 1CD04BE2 		sub	sp, fp, #28
 2290 017c 0F689DE8 		ldmfd	sp, {r0, r1, r2, r3, fp, sp, lr}
 2291 0180 04C09DE4 		ldmfd	sp!, {ip}
 2292 0184 04F05EE2 		subs	pc, lr, #4
 2293              	.L12:
 2294              		.align	2
 2295              	.L11:
 2296 0188 C8000000 		.word	.LC7
 2297 018c DC000000 		.word	.LC8
 2298 0190 F0000000 		.word	.LC9
 2299 0194 08010000 		.word	.LC10
 2300 0198 14010000 		.word	.LC11
 2301 019c 2400E001 		.word	31457316
 2302              		.cfi_endproc
 2303              	.LFE1:
 2305              		.section	.rodata
 2306 011a 0000     		.align	2
 2307              	.LC12:
 2308 011c 20202D20 		.ascii	"  - PB TIMEOUT\012\000"
 2308      50422054 
 2308      494D454F 
 2308      55540A00 
 2309              		.align	2
 2310              	.LC13:
 2311 012c 20202D20 		.ascii	"  - PB FAILURE\012\000"
 2311      50422046 
 2311      41494C55 
 2311      52450A00 
 2312              		.align	2
 2313              	.LC14:
 2314 013c 20202D20 		.ascii	"  - Boton izquierdo pulsado durante \000"
 2314      426F746F 
 2314      6E20697A 
 2314      71756965 
 2314      72646F20 
 2315 0161 000000   		.align	2
 2316              	.LC15:
 2317 0164 20202D20 		.ascii	"  - Boton derecho pulsado durante \000"
 2317      426F746F 
 2317      6E206465 
 2317      72656368 
 2317      6F207075 
 2318 0187 00       		.text
 2319              		.align	2
 2320              		.global	isr_pb
 2322              	isr_pb:
 2323              	.LFB2:
 103:../lab6.c     **** 
 104:../lab6.c     **** void isr_pb( void )
 105:../lab6.c     **** {
 2324              		.loc 1 105 0
 2325              		.cfi_startproc
 2326              		@ Interrupt Service Routine.
 2327              		@ args = 0, pretend = 0, frame = 8
 2328              		@ frame_needed = 1, uses_anonymous_args = 0
 2329 01a0 04C02DE5 		str	ip, [sp, #-4]!
 2330 01a4 0DC0A0E1 		mov	ip, sp
 2331              	.LCFI4:
 2332              		.cfi_def_cfa_register 12
 2333 01a8 0FD82DE9 		stmfd	sp!, {r0, r1, r2, r3, fp, ip, lr, pc}
 2334 01ac 04B04CE2 		sub	fp, ip, #4
 2335              		.cfi_offset 14, -8
 2336              		.cfi_offset 13, -12
 2337              		.cfi_offset 11, -16
 2338              		.cfi_offset 3, -20
 2339              		.cfi_offset 2, -24
 2340              		.cfi_offset 1, -28
 2341              		.cfi_offset 0, -32
 2342              	.LCFI5:
 2343              		.cfi_def_cfa 11, 4
 2344 01b0 08D04DE2 		sub	sp, sp, #8
 106:../lab6.c     ****     uint8 scancode;
 107:../lab6.c     ****     uint16 time;
 108:../lab6.c     **** 
 109:../lab6.c     ****     scancode = pb_getchartime( &time );
 2345              		.loc 1 109 0
 2346 01b4 20304BE2 		sub	r3, fp, #32
 2347 01b8 0300A0E1 		mov	r0, r3
 2348 01bc FEFFFFEB 		bl	pb_getchartime
 2349 01c0 0030A0E1 		mov	r3, r0
 2350 01c4 1D304BE5 		strb	r3, [fp, #-29]
 110:../lab6.c     ****     switch( scancode )
 2351              		.loc 1 110 0
 2352 01c8 1D305BE5 		ldrb	r3, [fp, #-29]	@ zero_extendqisi2
 2353 01cc 800053E3 		cmp	r3, #128
 2354 01d0 1A00000A 		beq	.L16
 2355 01d4 800053E3 		cmp	r3, #128
 2356 01d8 020000CA 		bgt	.L19
 2357 01dc 400053E3 		cmp	r3, #64
 2358 01e0 0B00000A 		beq	.L15
 2359 01e4 200000EA 		b	.L14
 2360              	.L19:
 2361 01e8 FE0053E3 		cmp	r3, #254
 2362 01ec 0200000A 		beq	.L17
 2363 01f0 FF0053E3 		cmp	r3, #255
 2364 01f4 0300000A 		beq	.L18
 2365 01f8 1B0000EA 		b	.L14
 2366              	.L17:
 111:../lab6.c     ****     {
 112:../lab6.c     ****         case PB_TIMEOUT:
 113:../lab6.c     ****             uart0_puts( "  - PB TIMEOUT\n" );
 2367              		.loc 1 113 0
 2368 01fc 84009FE5 		ldr	r0, .L20
 2369 0200 FEFFFFEB 		bl	uart0_puts
 114:../lab6.c     ****             break;
 2370              		.loc 1 114 0
 2371 0204 180000EA 		b	.L14
 2372              	.L18:
 115:../lab6.c     ****         case PB_FAILURE:
 116:../lab6.c     ****             uart0_puts( "  - PB FAILURE\n" );
 2373              		.loc 1 116 0
 2374 0208 7C009FE5 		ldr	r0, .L20+4
 2375 020c FEFFFFEB 		bl	uart0_puts
 117:../lab6.c     ****             break;
 2376              		.loc 1 117 0
 2377 0210 150000EA 		b	.L14
 2378              	.L15:
 118:../lab6.c     ****         case PB_LEFT:
 119:../lab6.c     ****             uart0_puts( "  - Boton izquierdo pulsado durante " );
 2379              		.loc 1 119 0
 2380 0214 74009FE5 		ldr	r0, .L20+8
 2381 0218 FEFFFFEB 		bl	uart0_puts
 120:../lab6.c     ****             uart0_putint( time );
 2382              		.loc 1 120 0
 2383 021c B0325BE1 		ldrh	r3, [fp, #-32]
 2384 0220 0300A0E1 		mov	r0, r3
 2385 0224 FEFFFFEB 		bl	uart0_putint
 121:../lab6.c     ****             uart0_puts( " ms \n" );
 2386              		.loc 1 121 0
 2387 0228 64009FE5 		ldr	r0, .L20+12
 2388 022c FEFFFFEB 		bl	uart0_puts
 122:../lab6.c     ****             EXTINTPND = BIT_LEFTPB;
 2389              		.loc 1 122 0
 2390 0230 60309FE5 		ldr	r3, .L20+16
 2391 0234 0420A0E3 		mov	r2, #4
 2392 0238 002083E5 		str	r2, [r3, #0]
 123:../lab6.c     ****             break;
 2393              		.loc 1 123 0
 2394 023c 0A0000EA 		b	.L14
 2395              	.L16:
 124:../lab6.c     ****         case PB_RIGHT:
 125:../lab6.c     ****             uart0_puts( "  - Boton derecho pulsado durante " );
 2396              		.loc 1 125 0
 2397 0240 54009FE5 		ldr	r0, .L20+20
 2398 0244 FEFFFFEB 		bl	uart0_puts
 126:../lab6.c     ****             uart0_putint( time );
 2399              		.loc 1 126 0
 2400 0248 B0325BE1 		ldrh	r3, [fp, #-32]
 2401 024c 0300A0E1 		mov	r0, r3
 2402 0250 FEFFFFEB 		bl	uart0_putint
 127:../lab6.c     ****             uart0_puts( " ms \n" );
 2403              		.loc 1 127 0
 2404 0254 38009FE5 		ldr	r0, .L20+12
 2405 0258 FEFFFFEB 		bl	uart0_puts
 128:../lab6.c     ****             EXTINTPND = BIT_RIGHTPB;
 2406              		.loc 1 128 0
 2407 025c 34309FE5 		ldr	r3, .L20+16
 2408 0260 0820A0E3 		mov	r2, #8
 2409 0264 002083E5 		str	r2, [r3, #0]
 129:../lab6.c     ****             break;
 2410              		.loc 1 129 0
 2411 0268 0000A0E1 		mov	r0, r0	@ nop
 2412              	.L14:
 130:../lab6.c     ****     }
 131:../lab6.c     ****     I_ISPC = BIT_PB;
 2413              		.loc 1 131 0
 2414 026c 2C309FE5 		ldr	r3, .L20+24
 2415 0270 0226A0E3 		mov	r2, #2097152
 2416 0274 002083E5 		str	r2, [r3, #0]
 132:../lab6.c     **** }
 2417              		.loc 1 132 0
 2418 0278 1CD04BE2 		sub	sp, fp, #28
 2419 027c 0F689DE8 		ldmfd	sp, {r0, r1, r2, r3, fp, sp, lr}
 2420 0280 04C09DE4 		ldmfd	sp!, {ip}
 2421 0284 04F05EE2 		subs	pc, lr, #4
 2422              	.L21:
 2423              		.align	2
 2424              	.L20:
 2425 0288 1C010000 		.word	.LC12
 2426 028c 2C010000 		.word	.LC13
 2427 0290 3C010000 		.word	.LC14
 2428 0294 14010000 		.word	.LC11
 2429 0298 5400D201 		.word	30539860
 2430 029c 64010000 		.word	.LC15
 2431 02a0 2400E001 		.word	31457316
 2432              		.cfi_endproc
 2433              	.LFE2:
 2435              	.Letext0:
DEFINED SYMBOLS
                            *ABS*:00000000 lab6.c
C:\Users\baneg\AppData\Local\Temp\ccXBzEsm.s:2068   .rodata:00000000 $d
C:\Users\baneg\AppData\Local\Temp\ccXBzEsm.s:2090   .text:00000000 $a
C:\Users\baneg\AppData\Local\Temp\ccXBzEsm.s:2093   .text:00000000 main
C:\Users\baneg\AppData\Local\Temp\ccXBzEsm.s:2185   .text:000000c0 $d
C:\Users\baneg\AppData\Local\Temp\ccXBzEsm.s:2217   .text:000000e4 isr_keypad
C:\Users\baneg\AppData\Local\Temp\ccXBzEsm.s:2322   .text:000001a0 isr_pb
C:\Users\baneg\AppData\Local\Temp\ccXBzEsm.s:2214   .text:000000e4 $a
C:\Users\baneg\AppData\Local\Temp\ccXBzEsm.s:2296   .text:00000188 $d
C:\Users\baneg\AppData\Local\Temp\ccXBzEsm.s:2319   .text:000001a0 $a
C:\Users\baneg\AppData\Local\Temp\ccXBzEsm.s:2425   .text:00000288 $d
                     .debug_frame:00000010 $d

UNDEFINED SYMBOLS
sys_init
uart0_init
keypad_init
pbs_init
uart0_puts
pb_wait_keydown
keypad_wait_any_keydown
keypad_wait_keydown
pb_wait_keyup
keypad_wait_any_keyup
keypad_wait_keyup
keypad_open
pbs_open
keypad_getchartime
uart0_puthex
uart0_putint
pb_getchartime
