   1              		.cpu arm7tdmi
   2              		.fpu softvfp
   3              		.eabi_attribute 20, 1
   4              		.eabi_attribute 21, 1
   5              		.eabi_attribute 23, 3
   6              		.eabi_attribute 24, 1
   7              		.eabi_attribute 25, 1
   8              		.eabi_attribute 26, 1
   9              		.eabi_attribute 30, 6
  10              		.eabi_attribute 18, 4
  11              		.file	"iis.c"
  21              	.Ltext0:
  22              		.file 1 "../src/iis.c"
 1899              	iomode:
 1900 0000 00       		.space	1
 1901              	flag:
 1902 0001 00       		.space	1
 1903              		.text
 1904              		.align	2
 1905              		.global	iis_init
 1907              	iis_init:
 1908              	.LFB0:
   1:../src/iis.c  **** 
   2:../src/iis.c  **** #include <s3c44b0x.h>
   3:../src/iis.c  **** #include <s3cev40.h>
   4:../src/iis.c  **** #include <iis.h>
   5:../src/iis.c  **** #include <dma.h>
   6:../src/iis.c  **** 
   7:../src/iis.c  **** static void isr_bdma0(void) __attribute__ ((interrupt ("IRQ")));
   8:../src/iis.c  **** static uint8 iomode;
   9:../src/iis.c  **** static uint8 flag;
  10:../src/iis.c  **** 
  11:../src/iis.c  **** void iis_init( uint8 mode){
 1909              		.loc 1 11 0
 1910              		.cfi_startproc
 1911              		@ Function supports interworking.
 1912              		@ args = 0, pretend = 0, frame = 8
 1913              		@ frame_needed = 1, uses_anonymous_args = 0
 1914 0000 0DC0A0E1 		mov	ip, sp
 1915              	.LCFI0:
 1916              		.cfi_def_cfa_register 12
 1917 0004 00D82DE9 		stmfd	sp!, {fp, ip, lr, pc}
 1918 0008 04B04CE2 		sub	fp, ip, #4
 1919              		.cfi_offset 14, -8
 1920              		.cfi_offset 13, -12
 1921              		.cfi_offset 11, -16
 1922              	.LCFI1:
 1923              		.cfi_def_cfa 11, 4
 1924 000c 08D04DE2 		sub	sp, sp, #8
 1925 0010 0030A0E1 		mov	r3, r0
 1926 0014 0D304BE5 		strb	r3, [fp, #-13]
  12:../src/iis.c  **** 	iomode = mode;
 1927              		.loc 1 12 0
 1928 0018 A4309FE5 		ldr	r3, .L4
 1929 001c 0D205BE5 		ldrb	r2, [fp, #-13]
 1930 0020 0020C3E5 		strb	r2, [r3, #0]
  13:../src/iis.c  **** 
  14:../src/iis.c  **** 		if(mode == IIS_POLLING) {
 1931              		.loc 1 14 0
 1932 0024 0D305BE5 		ldrb	r3, [fp, #-13]	@ zero_extendqisi2
 1933 0028 020053E3 		cmp	r3, #2
 1934 002c 0C00001A 		bne	.L2
  15:../src/iis.c  **** 		IISPSR = (7 << 4) | (7 << 0);
 1935              		.loc 1 15 0
 1936 0030 90309FE5 		ldr	r3, .L4+4
 1937 0034 7720A0E3 		mov	r2, #119
 1938 0038 002083E5 		str	r2, [r3, #0]
  16:../src/iis.c  **** 		IISMOD = (3 << 6) | (9 << 0);
 1939              		.loc 1 16 0
 1940 003c 88309FE5 		ldr	r3, .L4+8
 1941 0040 C920A0E3 		mov	r2, #201
 1942 0044 002083E5 		str	r2, [r3, #0]
  17:../src/iis.c  **** 		IISCON = 0x3;
 1943              		.loc 1 17 0
 1944 0048 80309FE5 		ldr	r3, .L4+12
 1945 004c 0320A0E3 		mov	r2, #3
 1946 0050 002083E5 		str	r2, [r3, #0]
  18:../src/iis.c  **** 		IISFCON =(3 << 8);
 1947              		.loc 1 18 0
 1948 0054 78309FE5 		ldr	r3, .L4+16
 1949 0058 032CA0E3 		mov	r2, #768
 1950 005c 002083E5 		str	r2, [r3, #0]
 1951 0060 140000EA 		b	.L1
 1952              	.L2:
  19:../src/iis.c  **** 		}
  20:../src/iis.c  **** 		//
  21:../src/iis.c  **** 		else if (mode == IIS_DMA){
 1953              		.loc 1 21 0
 1954 0064 0D305BE5 		ldrb	r3, [fp, #-13]	@ zero_extendqisi2
 1955 0068 010053E3 		cmp	r3, #1
 1956 006c 1100001A 		bne	.L1
  22:../src/iis.c  **** 			IISPSR = (7 << 4) | (7 << 0);
 1957              		.loc 1 22 0
 1958 0070 50309FE5 		ldr	r3, .L4+4
 1959 0074 7720A0E3 		mov	r2, #119
 1960 0078 002083E5 		str	r2, [r3, #0]
  23:../src/iis.c  **** 			IISMOD = ~(0x7 << 6) | (9 << 0);
 1961              		.loc 1 23 0
 1962 007c 48309FE5 		ldr	r3, .L4+8
 1963 0080 072DE0E3 		mvn	r2, #448
 1964 0084 002083E5 		str	r2, [r3, #0]
  24:../src/iis.c  **** 			IISFCON = 0;
 1965              		.loc 1 24 0
 1966 0088 44309FE5 		ldr	r3, .L4+16
 1967 008c 0020A0E3 		mov	r2, #0
 1968 0090 002083E5 		str	r2, [r3, #0]
  25:../src/iis.c  **** 			IISCON = 0;
 1969              		.loc 1 25 0
 1970 0094 34309FE5 		ldr	r3, .L4+12
 1971 0098 0020A0E3 		mov	r2, #0
 1972 009c 002083E5 		str	r2, [r3, #0]
  26:../src/iis.c  **** 			bdma0_init();
 1973              		.loc 1 26 0
 1974 00a0 FEFFFFEB 		bl	bdma0_init
  27:../src/iis.c  **** 			bdma0_open(isr_bdma0);
 1975              		.loc 1 27 0
 1976 00a4 2C009FE5 		ldr	r0, .L4+20
 1977 00a8 FEFFFFEB 		bl	bdma0_open
  28:../src/iis.c  **** 			flag = OFF;
 1978              		.loc 1 28 0
 1979 00ac 28309FE5 		ldr	r3, .L4+24
 1980 00b0 0020A0E3 		mov	r2, #0
 1981 00b4 0020C3E5 		strb	r2, [r3, #0]
 1982              	.L1:
  29:../src/iis.c  **** 		}
  30:../src/iis.c  **** }
 1983              		.loc 1 30 0
 1984 00b8 0CD04BE2 		sub	sp, fp, #12
 1985 00bc 00689DE8 		ldmfd	sp, {fp, sp, lr}
 1986 00c0 1EFF2FE1 		bx	lr
 1987              	.L5:
 1988              		.align	2
 1989              	.L4:
 1990 00c4 00000000 		.word	iomode
 1991 00c8 0880D101 		.word	30507016
 1992 00cc 0480D101 		.word	30507012
 1993 00d0 0080D101 		.word	30507008
 1994 00d4 0C80D101 		.word	30507020
 1995 00d8 00000000 		.word	isr_bdma0
 1996 00dc 01000000 		.word	flag
 1997              		.cfi_endproc
 1998              	.LFE0:
 2000              		.align	2
 2002              	isr_bdma0:
 2003              	.LFB1:
  31:../src/iis.c  **** 
  32:../src/iis.c  **** static void isr_bdma0( void )
  33:../src/iis.c  **** {
 2004              		.loc 1 33 0
 2005              		.cfi_startproc
 2006              		@ Interrupt Service Routine.
 2007              		@ args = 0, pretend = 0, frame = 0
 2008              		@ frame_needed = 1, uses_anonymous_args = 0
 2009 00e0 04C02DE5 		str	ip, [sp, #-4]!
 2010 00e4 0DC0A0E1 		mov	ip, sp
 2011              	.LCFI2:
 2012              		.cfi_def_cfa_register 12
 2013 00e8 0CD82DE9 		stmfd	sp!, {r2, r3, fp, ip, lr, pc}
 2014 00ec 04B04CE2 		sub	fp, ip, #4
 2015              		.cfi_offset 14, -8
 2016              		.cfi_offset 13, -12
 2017              		.cfi_offset 11, -16
 2018              		.cfi_offset 3, -20
 2019              		.cfi_offset 2, -24
 2020              	.LCFI3:
 2021              		.cfi_def_cfa 11, 4
  34:../src/iis.c  ****     IISCON &= ~1;
 2022              		.loc 1 34 0
 2023 00f0 34309FE5 		ldr	r3, .L7
 2024 00f4 30209FE5 		ldr	r2, .L7
 2025 00f8 002092E5 		ldr	r2, [r2, #0]
 2026 00fc 0120C2E3 		bic	r2, r2, #1
 2027 0100 002083E5 		str	r2, [r3, #0]
  35:../src/iis.c  ****     flag = OFF;
 2028              		.loc 1 35 0
 2029 0104 24309FE5 		ldr	r3, .L7+4
 2030 0108 0020A0E3 		mov	r2, #0
 2031 010c 0020C3E5 		strb	r2, [r3, #0]
  36:../src/iis.c  ****     I_ISPC = BIT_BDMA0;
 2032              		.loc 1 36 0
 2033 0110 1C309FE5 		ldr	r3, .L7+8
 2034 0114 0228A0E3 		mov	r2, #131072
 2035 0118 002083E5 		str	r2, [r3, #0]
  37:../src/iis.c  **** }
 2036              		.loc 1 37 0
 2037 011c 14D04BE2 		sub	sp, fp, #20
 2038 0120 0C689DE8 		ldmfd	sp, {r2, r3, fp, sp, lr}
 2039 0124 04C09DE4 		ldmfd	sp!, {ip}
 2040 0128 04F05EE2 		subs	pc, lr, #4
 2041              	.L8:
 2042              		.align	2
 2043              	.L7:
 2044 012c 0080D101 		.word	30507008
 2045 0130 01000000 		.word	flag
 2046 0134 2400E001 		.word	31457316
 2047              		.cfi_endproc
 2048              	.LFE1:
 2050              		.align	2
 2051              		.global	iis_putSample
 2053              	iis_putSample:
 2054              	.LFB2:
  38:../src/iis.c  **** 
  39:../src/iis.c  **** inline void iis_putSample( int16 ch0, int16 ch1 ){
 2055              		.loc 1 39 0
 2056              		.cfi_startproc
 2057              		@ Function supports interworking.
 2058              		@ args = 0, pretend = 0, frame = 8
 2059              		@ frame_needed = 1, uses_anonymous_args = 0
 2060 0138 0DC0A0E1 		mov	ip, sp
 2061              	.LCFI4:
 2062              		.cfi_def_cfa_register 12
 2063 013c 00D82DE9 		stmfd	sp!, {fp, ip, lr, pc}
 2064 0140 04B04CE2 		sub	fp, ip, #4
 2065              		.cfi_offset 14, -8
 2066              		.cfi_offset 13, -12
 2067              		.cfi_offset 11, -16
 2068              	.LCFI5:
 2069              		.cfi_def_cfa 11, 4
 2070 0144 08D04DE2 		sub	sp, sp, #8
 2071 0148 0020A0E1 		mov	r2, r0
 2072 014c 0130A0E1 		mov	r3, r1
 2073 0150 BE204BE1 		strh	r2, [fp, #-14]	@ movhi
 2074 0154 B0314BE1 		strh	r3, [fp, #-16]	@ movhi
  40:../src/iis.c  **** 	while(( (IISFCON & 0xF0) >> 4) > 6);
 2075              		.loc 1 40 0
 2076 0158 0000A0E1 		mov	r0, r0	@ nop
 2077              	.L10:
 2078              		.loc 1 40 0 is_stmt 0 discriminator 1
 2079 015c 34309FE5 		ldr	r3, .L11
 2080 0160 003093E5 		ldr	r3, [r3, #0]
 2081 0164 F03003E2 		and	r3, r3, #240
 2082 0168 2332A0E1 		mov	r3, r3, lsr #4
 2083 016c 060053E3 		cmp	r3, #6
 2084 0170 F9FFFF8A 		bhi	.L10
  41:../src/iis.c  **** 	IISFIF = ch0;
 2085              		.loc 1 41 0 is_stmt 1
 2086 0174 20309FE5 		ldr	r3, .L11+4
 2087 0178 FE205BE1 		ldrsh	r2, [fp, #-14]
 2088 017c 002083E5 		str	r2, [r3, #0]
  42:../src/iis.c  **** 	IISFIF = ch1;
 2089              		.loc 1 42 0
 2090 0180 14309FE5 		ldr	r3, .L11+4
 2091 0184 F0215BE1 		ldrsh	r2, [fp, #-16]
 2092 0188 002083E5 		str	r2, [r3, #0]
  43:../src/iis.c  **** 
  44:../src/iis.c  **** }
 2093              		.loc 1 44 0
 2094 018c 0CD04BE2 		sub	sp, fp, #12
 2095 0190 00689DE8 		ldmfd	sp, {fp, sp, lr}
 2096 0194 1EFF2FE1 		bx	lr
 2097              	.L12:
 2098              		.align	2
 2099              	.L11:
 2100 0198 0C80D101 		.word	30507020
 2101 019c 1080D101 		.word	30507024
 2102              		.cfi_endproc
 2103              	.LFE2:
 2105              		.align	2
 2106              		.global	iis_getSample
 2108              	iis_getSample:
 2109              	.LFB3:
  45:../src/iis.c  **** 
  46:../src/iis.c  **** inline void iis_getSample( int16 *ch0, int16 *ch1 )
  47:../src/iis.c  **** {
 2110              		.loc 1 47 0
 2111              		.cfi_startproc
 2112              		@ Function supports interworking.
 2113              		@ args = 0, pretend = 0, frame = 8
 2114              		@ frame_needed = 1, uses_anonymous_args = 0
 2115 01a0 0DC0A0E1 		mov	ip, sp
 2116              	.LCFI6:
 2117              		.cfi_def_cfa_register 12
 2118 01a4 00D82DE9 		stmfd	sp!, {fp, ip, lr, pc}
 2119 01a8 04B04CE2 		sub	fp, ip, #4
 2120              		.cfi_offset 14, -8
 2121              		.cfi_offset 13, -12
 2122              		.cfi_offset 11, -16
 2123              	.LCFI7:
 2124              		.cfi_def_cfa 11, 4
 2125 01ac 08D04DE2 		sub	sp, sp, #8
 2126 01b0 10000BE5 		str	r0, [fp, #-16]
 2127 01b4 14100BE5 		str	r1, [fp, #-20]
  48:../src/iis.c  **** 	while( (IISFCON & 0xF) < 2);
 2128              		.loc 1 48 0
 2129 01b8 0000A0E1 		mov	r0, r0	@ nop
 2130              	.L14:
 2131              		.loc 1 48 0 is_stmt 0 discriminator 1
 2132 01bc 48309FE5 		ldr	r3, .L15
 2133 01c0 003093E5 		ldr	r3, [r3, #0]
 2134 01c4 0F3003E2 		and	r3, r3, #15
 2135 01c8 010053E3 		cmp	r3, #1
 2136 01cc FAFFFF9A 		bls	.L14
  49:../src/iis.c  **** 	*ch0 = IISFIF;
 2137              		.loc 1 49 0 is_stmt 1
 2138 01d0 38309FE5 		ldr	r3, .L15+4
 2139 01d4 003093E5 		ldr	r3, [r3, #0]
 2140 01d8 0338A0E1 		mov	r3, r3, asl #16
 2141 01dc 2328A0E1 		mov	r2, r3, lsr #16
 2142 01e0 10301BE5 		ldr	r3, [fp, #-16]
 2143 01e4 B020C3E1 		strh	r2, [r3, #0]	@ movhi
  50:../src/iis.c  **** 	*ch1 = IISFIF;
 2144              		.loc 1 50 0
 2145 01e8 20309FE5 		ldr	r3, .L15+4
 2146 01ec 003093E5 		ldr	r3, [r3, #0]
 2147 01f0 0338A0E1 		mov	r3, r3, asl #16
 2148 01f4 2328A0E1 		mov	r2, r3, lsr #16
 2149 01f8 14301BE5 		ldr	r3, [fp, #-20]
 2150 01fc B020C3E1 		strh	r2, [r3, #0]	@ movhi
  51:../src/iis.c  **** }
 2151              		.loc 1 51 0
 2152 0200 0CD04BE2 		sub	sp, fp, #12
 2153 0204 00689DE8 		ldmfd	sp, {fp, sp, lr}
 2154 0208 1EFF2FE1 		bx	lr
 2155              	.L16:
 2156              		.align	2
 2157              	.L15:
 2158 020c 0C80D101 		.word	30507020
 2159 0210 1080D101 		.word	30507024
 2160              		.cfi_endproc
 2161              	.LFE3:
 2163              		.align	2
 2164              		.global	iis_play
 2166              	iis_play:
 2167              	.LFB4:
  52:../src/iis.c  **** 
  53:../src/iis.c  **** void iis_play( int16 *buffer, uint32 length, uint8 loop )
  54:../src/iis.c  **** {
 2168              		.loc 1 54 0
 2169              		.cfi_startproc
 2170              		@ Function supports interworking.
 2171              		@ args = 0, pretend = 0, frame = 24
 2172              		@ frame_needed = 1, uses_anonymous_args = 0
 2173 0214 0DC0A0E1 		mov	ip, sp
 2174              	.LCFI8:
 2175              		.cfi_def_cfa_register 12
 2176 0218 00D82DE9 		stmfd	sp!, {fp, ip, lr, pc}
 2177 021c 04B04CE2 		sub	fp, ip, #4
 2178              		.cfi_offset 14, -8
 2179              		.cfi_offset 13, -12
 2180              		.cfi_offset 11, -16
 2181              	.LCFI9:
 2182              		.cfi_def_cfa 11, 4
 2183 0220 18D04DE2 		sub	sp, sp, #24
 2184 0224 18000BE5 		str	r0, [fp, #-24]
 2185 0228 1C100BE5 		str	r1, [fp, #-28]
 2186 022c 0230A0E1 		mov	r3, r2
 2187 0230 1D304BE5 		strb	r3, [fp, #-29]
  55:../src/iis.c  ****     uint32 i;
  56:../src/iis.c  ****     int16 ch1, ch2;
  57:../src/iis.c  **** 
  58:../src/iis.c  ****     if( iomode == IIS_POLLING )
 2188              		.loc 1 58 0
 2189 0234 48319FE5 		ldr	r3, .L25
 2190 0238 0030D3E5 		ldrb	r3, [r3, #0]	@ zero_extendqisi2
 2191 023c 020053E3 		cmp	r3, #2
 2192 0240 1F00001A 		bne	.L18
  59:../src/iis.c  ****         for( i=0; i<length/2; )
 2193              		.loc 1 59 0
 2194 0244 0030A0E3 		mov	r3, #0
 2195 0248 10300BE5 		str	r3, [fp, #-16]
 2196 024c 160000EA 		b	.L19
 2197              	.L20:
  60:../src/iis.c  ****         {
  61:../src/iis.c  ****             ch1 = buffer[i++];
 2198              		.loc 1 61 0
 2199 0250 10301BE5 		ldr	r3, [fp, #-16]
 2200 0254 8330A0E1 		mov	r3, r3, asl #1
 2201 0258 18201BE5 		ldr	r2, [fp, #-24]
 2202 025c 033082E0 		add	r3, r2, r3
 2203 0260 B030D3E1 		ldrh	r3, [r3, #0]	@ movhi
 2204 0264 B2314BE1 		strh	r3, [fp, #-18]	@ movhi
 2205 0268 10301BE5 		ldr	r3, [fp, #-16]
 2206 026c 013083E2 		add	r3, r3, #1
 2207 0270 10300BE5 		str	r3, [fp, #-16]
  62:../src/iis.c  ****             ch2 = buffer[i++];
 2208              		.loc 1 62 0
 2209 0274 10301BE5 		ldr	r3, [fp, #-16]
 2210 0278 8330A0E1 		mov	r3, r3, asl #1
 2211 027c 18201BE5 		ldr	r2, [fp, #-24]
 2212 0280 033082E0 		add	r3, r2, r3
 2213 0284 B030D3E1 		ldrh	r3, [r3, #0]	@ movhi
 2214 0288 B4314BE1 		strh	r3, [fp, #-20]	@ movhi
 2215 028c 10301BE5 		ldr	r3, [fp, #-16]
 2216 0290 013083E2 		add	r3, r3, #1
 2217 0294 10300BE5 		str	r3, [fp, #-16]
  63:../src/iis.c  ****             iis_putSample( ch1, ch2 );
 2218              		.loc 1 63 0
 2219 0298 F2215BE1 		ldrsh	r2, [fp, #-18]
 2220 029c F4315BE1 		ldrsh	r3, [fp, #-20]
 2221 02a0 0200A0E1 		mov	r0, r2
 2222 02a4 0310A0E1 		mov	r1, r3
 2223 02a8 FEFFFFEB 		bl	iis_putSample
 2224              	.L19:
  59:../src/iis.c  ****         for( i=0; i<length/2; )
 2225              		.loc 1 59 0 discriminator 1
 2226 02ac 1C301BE5 		ldr	r3, [fp, #-28]
 2227 02b0 A320A0E1 		mov	r2, r3, lsr #1
 2228 02b4 10301BE5 		ldr	r3, [fp, #-16]
 2229 02b8 030052E1 		cmp	r2, r3
 2230 02bc E3FFFF8A 		bhi	.L20
  59:../src/iis.c  ****         for( i=0; i<length/2; )
 2231              		.loc 1 59 0 is_stmt 0
 2232 02c0 2C0000EA 		b	.L17
 2233              	.L18:
  64:../src/iis.c  ****         }
  65:../src/iis.c  ****     else if( iomode == IIS_DMA ) {
 2234              		.loc 1 65 0 is_stmt 1
 2235 02c4 B8309FE5 		ldr	r3, .L25
 2236 02c8 0030D3E5 		ldrb	r3, [r3, #0]	@ zero_extendqisi2
 2237 02cc 010053E3 		cmp	r3, #1
 2238 02d0 2800001A 		bne	.L17
  66:../src/iis.c  **** 		while (flag != OFF);
 2239              		.loc 1 66 0
 2240 02d4 0000A0E1 		mov	r0, r0	@ nop
 2241              	.L22:
 2242              		.loc 1 66 0 is_stmt 0 discriminator 1
 2243 02d8 A8309FE5 		ldr	r3, .L25+4
 2244 02dc 0030D3E5 		ldrb	r3, [r3, #0]	@ zero_extendqisi2
 2245 02e0 000053E3 		cmp	r3, #0
 2246 02e4 FBFFFF1A 		bne	.L22
  67:../src/iis.c  **** 
  68:../src/iis.c  **** 		BDISRC0 = (1 << 30) | (1 << 28) | (uint32) buffer;
 2247              		.loc 1 68 0 is_stmt 1
 2248 02e8 9C309FE5 		ldr	r3, .L25+8
 2249 02ec 18201BE5 		ldr	r2, [fp, #-24]
 2250 02f0 052282E3 		orr	r2, r2, #1342177280
 2251 02f4 002083E5 		str	r2, [r3, #0]
  69:../src/iis.c  **** 		BDIDES0 = (1 << 30) | (3 << 28) | (uint32) &IISFIF;
 2252              		.loc 1 69 0
 2253 02f8 90309FE5 		ldr	r3, .L25+12
 2254 02fc 90209FE5 		ldr	r2, .L25+16
 2255 0300 002083E5 		str	r2, [r3, #0]
  70:../src/iis.c  **** 		BDCON0 = 0;
 2256              		.loc 1 70 0
 2257 0304 7E37A0E3 		mov	r3, #33030144
 2258 0308 0020A0E3 		mov	r2, #0
 2259 030c 002083E5 		str	r2, [r3, #0]
  71:../src/iis.c  **** 		if(loop){
 2260              		.loc 1 71 0
 2261 0310 1D305BE5 		ldrb	r3, [fp, #-29]	@ zero_extendqisi2
 2262 0314 000053E3 		cmp	r3, #0
 2263 0318 0500000A 		beq	.L23
  72:../src/iis.c  **** 			BDICNT0 = (1 << 30) | (1 << 26) | (1 << 21) | (1 << 20) | length;
 2264              		.loc 1 72 0
 2265 031c 74209FE5 		ldr	r2, .L25+20
 2266 0320 1C301BE5 		ldr	r3, [fp, #-28]
 2267 0324 113383E3 		orr	r3, r3, #1140850688
 2268 0328 033683E3 		orr	r3, r3, #3145728
 2269 032c 003082E5 		str	r3, [r2, #0]
 2270 0330 040000EA 		b	.L24
 2271              	.L23:
  73:../src/iis.c  **** 		}
  74:../src/iis.c  **** 		else{
  75:../src/iis.c  **** 			BDICNT0 = (1 << 30) | (1 << 26) | (3 << 22) | (1 << 20) | length;
 2272              		.loc 1 75 0
 2273 0334 5C209FE5 		ldr	r2, .L25+20
 2274 0338 1C301BE5 		ldr	r3, [fp, #-28]
 2275 033c 113383E3 		orr	r3, r3, #1140850688
 2276 0340 0D3683E3 		orr	r3, r3, #13631488
 2277 0344 003082E5 		str	r3, [r2, #0]
 2278              	.L24:
  76:../src/iis.c  **** 		}
  77:../src/iis.c  **** 		IISMOD = (1 << 7) | (9 << 0);
 2279              		.loc 1 77 0
 2280 0348 4C309FE5 		ldr	r3, .L25+24
 2281 034c 8920A0E3 		mov	r2, #137
 2282 0350 002083E5 		str	r2, [r3, #0]
  78:../src/iis.c  **** 		IISFCON = (5 << 9);
 2283              		.loc 1 78 0
 2284 0354 44309FE5 		ldr	r3, .L25+28
 2285 0358 0A2CA0E3 		mov	r2, #2560
 2286 035c 002083E5 		str	r2, [r3, #0]
  79:../src/iis.c  **** 		IISCON = (3 << 0) | (1 << 5);
 2287              		.loc 1 79 0
 2288 0360 3C309FE5 		ldr	r3, .L25+32
 2289 0364 2320A0E3 		mov	r2, #35
 2290 0368 002083E5 		str	r2, [r3, #0]
  80:../src/iis.c  **** 		flag = ON;
 2291              		.loc 1 80 0
 2292 036c 14309FE5 		ldr	r3, .L25+4
 2293 0370 0120A0E3 		mov	r2, #1
 2294 0374 0020C3E5 		strb	r2, [r3, #0]
 2295              	.L17:
  81:../src/iis.c  ****     }
  82:../src/iis.c  **** }
 2296              		.loc 1 82 0
 2297 0378 0CD04BE2 		sub	sp, fp, #12
 2298 037c 00689DE8 		ldmfd	sp, {fp, sp, lr}
 2299 0380 1EFF2FE1 		bx	lr
 2300              	.L26:
 2301              		.align	2
 2302              	.L25:
 2303 0384 00000000 		.word	iomode
 2304 0388 01000000 		.word	flag
 2305 038c 0400F801 		.word	33030148
 2306 0390 0800F801 		.word	33030152
 2307 0394 1080D171 		.word	1909555216
 2308 0398 0C00F801 		.word	33030156
 2309 039c 0480D101 		.word	30507012
 2310 03a0 0C80D101 		.word	30507020
 2311 03a4 0080D101 		.word	30507008
 2312              		.cfi_endproc
 2313              	.LFE4:
 2315              		.align	2
 2316              		.global	iis_rec
 2318              	iis_rec:
 2319              	.LFB5:
  83:../src/iis.c  **** 
  84:../src/iis.c  **** void iis_rec( int16 *buffer, uint32 length )
  85:../src/iis.c  **** {
 2320              		.loc 1 85 0
 2321              		.cfi_startproc
 2322              		@ Function supports interworking.
 2323              		@ args = 0, pretend = 0, frame = 16
 2324              		@ frame_needed = 1, uses_anonymous_args = 0
 2325 03a8 0DC0A0E1 		mov	ip, sp
 2326              	.LCFI10:
 2327              		.cfi_def_cfa_register 12
 2328 03ac 00D82DE9 		stmfd	sp!, {fp, ip, lr, pc}
 2329 03b0 04B04CE2 		sub	fp, ip, #4
 2330              		.cfi_offset 14, -8
 2331              		.cfi_offset 13, -12
 2332              		.cfi_offset 11, -16
 2333              	.LCFI11:
 2334              		.cfi_def_cfa 11, 4
 2335 03b4 10D04DE2 		sub	sp, sp, #16
 2336 03b8 18000BE5 		str	r0, [fp, #-24]
 2337 03bc 1C100BE5 		str	r1, [fp, #-28]
  86:../src/iis.c  ****     uint32 i;
  87:../src/iis.c  ****     int16 ch1, ch2;
  88:../src/iis.c  **** 
  89:../src/iis.c  ****     if( iomode == IIS_POLLING ) {
 2338              		.loc 1 89 0
 2339 03c0 3C319FE5 		ldr	r3, .L33
 2340 03c4 0030D3E5 		ldrb	r3, [r3, #0]	@ zero_extendqisi2
 2341 03c8 020053E3 		cmp	r3, #2
 2342 03cc 1E00001A 		bne	.L28
  90:../src/iis.c  ****         for (i = 0; i < length / 2;){
 2343              		.loc 1 90 0
 2344 03d0 0030A0E3 		mov	r3, #0
 2345 03d4 10300BE5 		str	r3, [fp, #-16]
 2346 03d8 160000EA 		b	.L29
 2347              	.L30:
  91:../src/iis.c  **** 		iis_getSample(&ch1, &ch2);
 2348              		.loc 1 91 0
 2349 03dc 12204BE2 		sub	r2, fp, #18
 2350 03e0 14304BE2 		sub	r3, fp, #20
 2351 03e4 0200A0E1 		mov	r0, r2
 2352 03e8 0310A0E1 		mov	r1, r3
 2353 03ec FEFFFFEB 		bl	iis_getSample
  92:../src/iis.c  **** 		buffer[i++] = ch1;
 2354              		.loc 1 92 0
 2355 03f0 10301BE5 		ldr	r3, [fp, #-16]
 2356 03f4 8330A0E1 		mov	r3, r3, asl #1
 2357 03f8 18201BE5 		ldr	r2, [fp, #-24]
 2358 03fc 033082E0 		add	r3, r2, r3
 2359 0400 B2215BE1 		ldrh	r2, [fp, #-18]
 2360 0404 B020C3E1 		strh	r2, [r3, #0]	@ movhi
 2361 0408 10301BE5 		ldr	r3, [fp, #-16]
 2362 040c 013083E2 		add	r3, r3, #1
 2363 0410 10300BE5 		str	r3, [fp, #-16]
  93:../src/iis.c  **** 		buffer[i++] = ch2;
 2364              		.loc 1 93 0
 2365 0414 10301BE5 		ldr	r3, [fp, #-16]
 2366 0418 8330A0E1 		mov	r3, r3, asl #1
 2367 041c 18201BE5 		ldr	r2, [fp, #-24]
 2368 0420 033082E0 		add	r3, r2, r3
 2369 0424 B4215BE1 		ldrh	r2, [fp, #-20]
 2370 0428 B020C3E1 		strh	r2, [r3, #0]	@ movhi
 2371 042c 10301BE5 		ldr	r3, [fp, #-16]
 2372 0430 013083E2 		add	r3, r3, #1
 2373 0434 10300BE5 		str	r3, [fp, #-16]
 2374              	.L29:
  90:../src/iis.c  ****         for (i = 0; i < length / 2;){
 2375              		.loc 1 90 0 discriminator 1
 2376 0438 1C301BE5 		ldr	r3, [fp, #-28]
 2377 043c A320A0E1 		mov	r2, r3, lsr #1
 2378 0440 10301BE5 		ldr	r3, [fp, #-16]
 2379 0444 030052E1 		cmp	r2, r3
 2380 0448 E3FFFF8A 		bhi	.L30
 2381              	.L28:
  94:../src/iis.c  **** 	}
  95:../src/iis.c  ****     }
  96:../src/iis.c  ****     if( iomode == IIS_DMA )
 2382              		.loc 1 96 0
 2383 044c B0309FE5 		ldr	r3, .L33
 2384 0450 0030D3E5 		ldrb	r3, [r3, #0]	@ zero_extendqisi2
 2385 0454 010053E3 		cmp	r3, #1
 2386 0458 2600001A 		bne	.L27
  97:../src/iis.c  ****     {
  98:../src/iis.c  ****         while( flag != OFF );
 2387              		.loc 1 98 0
 2388 045c 0000A0E1 		mov	r0, r0	@ nop
 2389              	.L32:
 2390              		.loc 1 98 0 is_stmt 0 discriminator 1
 2391 0460 A0309FE5 		ldr	r3, .L33+4
 2392 0464 0030D3E5 		ldrb	r3, [r3, #0]	@ zero_extendqisi2
 2393 0468 000053E3 		cmp	r3, #0
 2394 046c FBFFFF1A 		bne	.L32
  99:../src/iis.c  ****         BDISRC0  = (1 << 30) | (3 << 28) | (uint32) &IISFIF;
 2395              		.loc 1 99 0 is_stmt 1
 2396 0470 94309FE5 		ldr	r3, .L33+8
 2397 0474 94209FE5 		ldr	r2, .L33+12
 2398 0478 002083E5 		str	r2, [r3, #0]
 100:../src/iis.c  ****         BDIDES0  = (2 << 30) | (1 << 28) | (uint32) buffer;
 2399              		.loc 1 100 0
 2400 047c 90309FE5 		ldr	r3, .L33+16
 2401 0480 18201BE5 		ldr	r2, [fp, #-24]
 2402 0484 092282E3 		orr	r2, r2, #-1879048192
 2403 0488 002083E5 		str	r2, [r3, #0]
 101:../src/iis.c  ****         BDCON0   = 0;
 2404              		.loc 1 101 0
 2405 048c 7E37A0E3 		mov	r3, #33030144
 2406 0490 0020A0E3 		mov	r2, #0
 2407 0494 002083E5 		str	r2, [r3, #0]
 102:../src/iis.c  ****         BDICNT0  = (1 << 30) | (1 << 26) | (3 << 22) | (0xfffff & length);
 2408              		.loc 1 102 0
 2409 0498 78209FE5 		ldr	r2, .L33+20
 2410 049c 1C301BE5 		ldr	r3, [fp, #-28]
 2411 04a0 FF34C3E3 		bic	r3, r3, #-16777216
 2412 04a4 0F36C3E3 		bic	r3, r3, #15728640
 2413 04a8 113383E3 		orr	r3, r3, #1140850688
 2414 04ac 033583E3 		orr	r3, r3, #12582912
 2415 04b0 003082E5 		str	r3, [r2, #0]
 103:../src/iis.c  ****         BDICNT0 |= (1 << 20);
 2416              		.loc 1 103 0
 2417 04b4 5C309FE5 		ldr	r3, .L33+20
 2418 04b8 58209FE5 		ldr	r2, .L33+20
 2419 04bc 002092E5 		ldr	r2, [r2, #0]
 2420 04c0 012682E3 		orr	r2, r2, #1048576
 2421 04c4 002083E5 		str	r2, [r3, #0]
 104:../src/iis.c  **** 
 105:../src/iis.c  ****         IISMOD  = (1 << 6) | (9 << 0);
 2422              		.loc 1 105 0
 2423 04c8 4C309FE5 		ldr	r3, .L33+24
 2424 04cc 4920A0E3 		mov	r2, #73
 2425 04d0 002083E5 		str	r2, [r3, #0]
 106:../src/iis.c  ****         IISFCON = (5 << 8);
 2426              		.loc 1 106 0
 2427 04d4 44309FE5 		ldr	r3, .L33+28
 2428 04d8 052CA0E3 		mov	r2, #1280
 2429 04dc 002083E5 		str	r2, [r3, #0]
 107:../src/iis.c  ****         IISCON  = (3 << 0) | (1 << 4);
 2430              		.loc 1 107 0
 2431 04e0 3C309FE5 		ldr	r3, .L33+32
 2432 04e4 1320A0E3 		mov	r2, #19
 2433 04e8 002083E5 		str	r2, [r3, #0]
 108:../src/iis.c  ****         flag = ON;
 2434              		.loc 1 108 0
 2435 04ec 14309FE5 		ldr	r3, .L33+4
 2436 04f0 0120A0E3 		mov	r2, #1
 2437 04f4 0020C3E5 		strb	r2, [r3, #0]
 2438              	.L27:
 109:../src/iis.c  ****     }
 110:../src/iis.c  **** }
 2439              		.loc 1 110 0
 2440 04f8 0CD04BE2 		sub	sp, fp, #12
 2441 04fc 00689DE8 		ldmfd	sp, {fp, sp, lr}
 2442 0500 1EFF2FE1 		bx	lr
 2443              	.L34:
 2444              		.align	2
 2445              	.L33:
 2446 0504 00000000 		.word	iomode
 2447 0508 01000000 		.word	flag
 2448 050c 0400F801 		.word	33030148
 2449 0510 1080D171 		.word	1909555216
 2450 0514 0800F801 		.word	33030152
 2451 0518 0C00F801 		.word	33030156
 2452 051c 0480D101 		.word	30507012
 2453 0520 0C80D101 		.word	30507020
 2454 0524 0080D101 		.word	30507008
 2455              		.cfi_endproc
 2456              	.LFE5:
 2458              		.align	2
 2459              		.global	iis_pause
 2461              	iis_pause:
 2462              	.LFB6:
 111:../src/iis.c  **** 
 112:../src/iis.c  **** void iis_pause( void )
 113:../src/iis.c  **** {
 2463              		.loc 1 113 0
 2464              		.cfi_startproc
 2465              		@ Function supports interworking.
 2466              		@ args = 0, pretend = 0, frame = 0
 2467              		@ frame_needed = 1, uses_anonymous_args = 0
 2468 0528 0DC0A0E1 		mov	ip, sp
 2469              	.LCFI12:
 2470              		.cfi_def_cfa_register 12
 2471 052c 00D82DE9 		stmfd	sp!, {fp, ip, lr, pc}
 2472 0530 04B04CE2 		sub	fp, ip, #4
 2473              		.cfi_offset 14, -8
 2474              		.cfi_offset 13, -12
 2475              		.cfi_offset 11, -16
 2476              	.LCFI13:
 2477              		.cfi_def_cfa 11, 4
 114:../src/iis.c  **** 	IISCON &= ~(1 << 0);
 2478              		.loc 1 114 0
 2479 0534 24309FE5 		ldr	r3, .L36
 2480 0538 20209FE5 		ldr	r2, .L36
 2481 053c 002092E5 		ldr	r2, [r2, #0]
 2482 0540 0120C2E3 		bic	r2, r2, #1
 2483 0544 002083E5 		str	r2, [r3, #0]
 115:../src/iis.c  **** 	flag = OFF;
 2484              		.loc 1 115 0
 2485 0548 14309FE5 		ldr	r3, .L36+4
 2486 054c 0020A0E3 		mov	r2, #0
 2487 0550 0020C3E5 		strb	r2, [r3, #0]
 116:../src/iis.c  **** }
 2488              		.loc 1 116 0
 2489 0554 0CD04BE2 		sub	sp, fp, #12
 2490 0558 00689DE8 		ldmfd	sp, {fp, sp, lr}
 2491 055c 1EFF2FE1 		bx	lr
 2492              	.L37:
 2493              		.align	2
 2494              	.L36:
 2495 0560 0080D101 		.word	30507008
 2496 0564 01000000 		.word	flag
 2497              		.cfi_endproc
 2498              	.LFE6:
 2500              		.align	2
 2501              		.global	iis_continue
 2503              	iis_continue:
 2504              	.LFB7:
 117:../src/iis.c  **** 
 118:../src/iis.c  **** void iis_continue( void )
 119:../src/iis.c  **** {
 2505              		.loc 1 119 0
 2506              		.cfi_startproc
 2507              		@ Function supports interworking.
 2508              		@ args = 0, pretend = 0, frame = 0
 2509              		@ frame_needed = 1, uses_anonymous_args = 0
 2510 0568 0DC0A0E1 		mov	ip, sp
 2511              	.LCFI14:
 2512              		.cfi_def_cfa_register 12
 2513 056c 00D82DE9 		stmfd	sp!, {fp, ip, lr, pc}
 2514 0570 04B04CE2 		sub	fp, ip, #4
 2515              		.cfi_offset 14, -8
 2516              		.cfi_offset 13, -12
 2517              		.cfi_offset 11, -16
 2518              	.LCFI15:
 2519              		.cfi_def_cfa 11, 4
 120:../src/iis.c  **** 	IISCON |= (1 << 0);
 2520              		.loc 1 120 0
 2521 0574 24309FE5 		ldr	r3, .L39
 2522 0578 20209FE5 		ldr	r2, .L39
 2523 057c 002092E5 		ldr	r2, [r2, #0]
 2524 0580 012082E3 		orr	r2, r2, #1
 2525 0584 002083E5 		str	r2, [r3, #0]
 121:../src/iis.c  **** 	flag = ON;
 2526              		.loc 1 121 0
 2527 0588 14309FE5 		ldr	r3, .L39+4
 2528 058c 0120A0E3 		mov	r2, #1
 2529 0590 0020C3E5 		strb	r2, [r3, #0]
 122:../src/iis.c  **** }
 2530              		.loc 1 122 0
 2531 0594 0CD04BE2 		sub	sp, fp, #12
 2532 0598 00689DE8 		ldmfd	sp, {fp, sp, lr}
 2533 059c 1EFF2FE1 		bx	lr
 2534              	.L40:
 2535              		.align	2
 2536              	.L39:
 2537 05a0 0080D101 		.word	30507008
 2538 05a4 01000000 		.word	flag
 2539              		.cfi_endproc
 2540              	.LFE7:
 2542              		.align	2
 2543              		.global	iis_status
 2545              	iis_status:
 2546              	.LFB8:
 123:../src/iis.c  **** 
 124:../src/iis.c  **** uint8 iis_status( void )
 125:../src/iis.c  **** {
 2547              		.loc 1 125 0
 2548              		.cfi_startproc
 2549              		@ Function supports interworking.
 2550              		@ args = 0, pretend = 0, frame = 0
 2551              		@ frame_needed = 1, uses_anonymous_args = 0
 2552 05a8 0DC0A0E1 		mov	ip, sp
 2553              	.LCFI16:
 2554              		.cfi_def_cfa_register 12
 2555 05ac 00D82DE9 		stmfd	sp!, {fp, ip, lr, pc}
 2556 05b0 04B04CE2 		sub	fp, ip, #4
 2557              		.cfi_offset 14, -8
 2558              		.cfi_offset 13, -12
 2559              		.cfi_offset 11, -16
 2560              	.LCFI17:
 2561              		.cfi_def_cfa 11, 4
 126:../src/iis.c  **** 	return flag;
 2562              		.loc 1 126 0
 2563 05b4 10309FE5 		ldr	r3, .L42
 2564 05b8 0030D3E5 		ldrb	r3, [r3, #0]	@ zero_extendqisi2
 127:../src/iis.c  **** }
 2565              		.loc 1 127 0
 2566 05bc 0300A0E1 		mov	r0, r3
 2567 05c0 0CD04BE2 		sub	sp, fp, #12
 2568 05c4 00689DE8 		ldmfd	sp, {fp, sp, lr}
 2569 05c8 1EFF2FE1 		bx	lr
 2570              	.L43:
 2571              		.align	2
 2572              	.L42:
 2573 05cc 01000000 		.word	flag
 2574              		.cfi_endproc
 2575              	.LFE8:
 2577              		.align	2
 2578              		.global	iis_playwawFile
 2580              	iis_playwawFile:
 2581              	.LFB9:
 128:../src/iis.c  **** 
 129:../src/iis.c  **** void iis_playwawFile( uint8 *fileAddr )
 130:../src/iis.c  **** {
 2582              		.loc 1 130 0
 2583              		.cfi_startproc
 2584              		@ Function supports interworking.
 2585              		@ args = 0, pretend = 0, frame = 16
 2586              		@ frame_needed = 1, uses_anonymous_args = 0
 2587 05d0 0DC0A0E1 		mov	ip, sp
 2588              	.LCFI18:
 2589              		.cfi_def_cfa_register 12
 2590 05d4 00D82DE9 		stmfd	sp!, {fp, ip, lr, pc}
 2591 05d8 04B04CE2 		sub	fp, ip, #4
 2592              		.cfi_offset 14, -8
 2593              		.cfi_offset 13, -12
 2594              		.cfi_offset 11, -16
 2595              	.LCFI19:
 2596              		.cfi_def_cfa 11, 4
 2597 05dc 10D04DE2 		sub	sp, sp, #16
 2598 05e0 18000BE5 		str	r0, [fp, #-24]
 131:../src/iis.c  ****     uint32 size;
 132:../src/iis.c  **** 
 133:../src/iis.c  ****     while ( !(fileAddr[0] == 'd' && fileAddr[1] == 'a' && fileAddr[2] == 't' && fileAddr[3] == 'a')
 2599              		.loc 1 133 0
 2600 05e4 020000EA 		b	.L45
 2601              	.L46:
 134:../src/iis.c  ****         fileAddr++;
 2602              		.loc 1 134 0
 2603 05e8 18301BE5 		ldr	r3, [fp, #-24]
 2604 05ec 013083E2 		add	r3, r3, #1
 2605 05f0 18300BE5 		str	r3, [fp, #-24]
 2606              	.L45:
 133:../src/iis.c  ****     while ( !(fileAddr[0] == 'd' && fileAddr[1] == 'a' && fileAddr[2] == 't' && fileAddr[3] == 'a')
 2607              		.loc 1 133 0 discriminator 1
 2608 05f4 18301BE5 		ldr	r3, [fp, #-24]
 2609 05f8 0030D3E5 		ldrb	r3, [r3, #0]	@ zero_extendqisi2
 2610 05fc 640053E3 		cmp	r3, #100
 2611 0600 F8FFFF1A 		bne	.L46
 133:../src/iis.c  ****     while ( !(fileAddr[0] == 'd' && fileAddr[1] == 'a' && fileAddr[2] == 't' && fileAddr[3] == 'a')
 2612              		.loc 1 133 0 is_stmt 0 discriminator 2
 2613 0604 18301BE5 		ldr	r3, [fp, #-24]
 2614 0608 013083E2 		add	r3, r3, #1
 2615 060c 0030D3E5 		ldrb	r3, [r3, #0]	@ zero_extendqisi2
 2616 0610 610053E3 		cmp	r3, #97
 2617 0614 F3FFFF1A 		bne	.L46
 133:../src/iis.c  ****     while ( !(fileAddr[0] == 'd' && fileAddr[1] == 'a' && fileAddr[2] == 't' && fileAddr[3] == 'a')
 2618              		.loc 1 133 0 discriminator 1
 2619 0618 18301BE5 		ldr	r3, [fp, #-24]
 2620 061c 023083E2 		add	r3, r3, #2
 2621 0620 0030D3E5 		ldrb	r3, [r3, #0]	@ zero_extendqisi2
 2622 0624 740053E3 		cmp	r3, #116
 2623 0628 EEFFFF1A 		bne	.L46
 2624 062c 18301BE5 		ldr	r3, [fp, #-24]
 2625 0630 033083E2 		add	r3, r3, #3
 2626 0634 0030D3E5 		ldrb	r3, [r3, #0]	@ zero_extendqisi2
 2627 0638 610053E3 		cmp	r3, #97
 2628 063c E9FFFF1A 		bne	.L46
 135:../src/iis.c  ****     fileAddr += 4;
 2629              		.loc 1 135 0 is_stmt 1
 2630 0640 18301BE5 		ldr	r3, [fp, #-24]
 2631 0644 043083E2 		add	r3, r3, #4
 2632 0648 18300BE5 		str	r3, [fp, #-24]
 136:../src/iis.c  **** 
 137:../src/iis.c  ****     size = (uint32) fileAddr[0];
 2633              		.loc 1 137 0
 2634 064c 18301BE5 		ldr	r3, [fp, #-24]
 2635 0650 0030D3E5 		ldrb	r3, [r3, #0]	@ zero_extendqisi2
 2636 0654 10300BE5 		str	r3, [fp, #-16]
 138:../src/iis.c  ****     size += (uint32) fileAddr[1] << 8;
 2637              		.loc 1 138 0
 2638 0658 18301BE5 		ldr	r3, [fp, #-24]
 2639 065c 013083E2 		add	r3, r3, #1
 2640 0660 0030D3E5 		ldrb	r3, [r3, #0]	@ zero_extendqisi2
 2641 0664 0334A0E1 		mov	r3, r3, asl #8
 2642 0668 10201BE5 		ldr	r2, [fp, #-16]
 2643 066c 033082E0 		add	r3, r2, r3
 2644 0670 10300BE5 		str	r3, [fp, #-16]
 139:../src/iis.c  ****     size += (uint32) fileAddr[2] << 16;
 2645              		.loc 1 139 0
 2646 0674 18301BE5 		ldr	r3, [fp, #-24]
 2647 0678 023083E2 		add	r3, r3, #2
 2648 067c 0030D3E5 		ldrb	r3, [r3, #0]	@ zero_extendqisi2
 2649 0680 0338A0E1 		mov	r3, r3, asl #16
 2650 0684 10201BE5 		ldr	r2, [fp, #-16]
 2651 0688 033082E0 		add	r3, r2, r3
 2652 068c 10300BE5 		str	r3, [fp, #-16]
 140:../src/iis.c  ****     size += (uint32) fileAddr[3] << 24;
 2653              		.loc 1 140 0
 2654 0690 18301BE5 		ldr	r3, [fp, #-24]
 2655 0694 033083E2 		add	r3, r3, #3
 2656 0698 0030D3E5 		ldrb	r3, [r3, #0]	@ zero_extendqisi2
 2657 069c 033CA0E1 		mov	r3, r3, asl #24
 2658 06a0 10201BE5 		ldr	r2, [fp, #-16]
 2659 06a4 033082E0 		add	r3, r2, r3
 2660 06a8 10300BE5 		str	r3, [fp, #-16]
 141:../src/iis.c  ****     fileAddr += 4;
 2661              		.loc 1 141 0
 2662 06ac 18301BE5 		ldr	r3, [fp, #-24]
 2663 06b0 043083E2 		add	r3, r3, #4
 2664 06b4 18300BE5 		str	r3, [fp, #-24]
 142:../src/iis.c  **** 
 143:../src/iis.c  ****     iis_play( (int16 *)fileAddr, size, OFF );
 2665              		.loc 1 143 0
 2666 06b8 18301BE5 		ldr	r3, [fp, #-24]
 2667 06bc 0300A0E1 		mov	r0, r3
 2668 06c0 10101BE5 		ldr	r1, [fp, #-16]
 2669 06c4 0020A0E3 		mov	r2, #0
 2670 06c8 FEFFFFEB 		bl	iis_play
 144:../src/iis.c  **** }
 2671              		.loc 1 144 0
 2672 06cc 0CD04BE2 		sub	sp, fp, #12
 2673 06d0 00689DE8 		ldmfd	sp, {fp, sp, lr}
 2674 06d4 1EFF2FE1 		bx	lr
 2675              		.cfi_endproc
 2676              	.LFE9:
 2678              	.Letext0:
DEFINED SYMBOLS
                            *ABS*:00000000 iis.c
C:\Users\baneg\AppData\Local\Temp\ccJXzcMk.s:1899   .bss:00000000 iomode
C:\Users\baneg\AppData\Local\Temp\ccJXzcMk.s:1900   .bss:00000000 $d
C:\Users\baneg\AppData\Local\Temp\ccJXzcMk.s:1901   .bss:00000001 flag
C:\Users\baneg\AppData\Local\Temp\ccJXzcMk.s:1904   .text:00000000 $a
C:\Users\baneg\AppData\Local\Temp\ccJXzcMk.s:1907   .text:00000000 iis_init
C:\Users\baneg\AppData\Local\Temp\ccJXzcMk.s:1990   .text:000000c4 $d
C:\Users\baneg\AppData\Local\Temp\ccJXzcMk.s:2002   .text:000000e0 isr_bdma0
C:\Users\baneg\AppData\Local\Temp\ccJXzcMk.s:2000   .text:000000e0 $a
C:\Users\baneg\AppData\Local\Temp\ccJXzcMk.s:2044   .text:0000012c $d
C:\Users\baneg\AppData\Local\Temp\ccJXzcMk.s:2050   .text:00000138 $a
C:\Users\baneg\AppData\Local\Temp\ccJXzcMk.s:2053   .text:00000138 iis_putSample
C:\Users\baneg\AppData\Local\Temp\ccJXzcMk.s:2100   .text:00000198 $d
C:\Users\baneg\AppData\Local\Temp\ccJXzcMk.s:2105   .text:000001a0 $a
C:\Users\baneg\AppData\Local\Temp\ccJXzcMk.s:2108   .text:000001a0 iis_getSample
C:\Users\baneg\AppData\Local\Temp\ccJXzcMk.s:2158   .text:0000020c $d
C:\Users\baneg\AppData\Local\Temp\ccJXzcMk.s:2163   .text:00000214 $a
C:\Users\baneg\AppData\Local\Temp\ccJXzcMk.s:2166   .text:00000214 iis_play
C:\Users\baneg\AppData\Local\Temp\ccJXzcMk.s:2303   .text:00000384 $d
C:\Users\baneg\AppData\Local\Temp\ccJXzcMk.s:2315   .text:000003a8 $a
C:\Users\baneg\AppData\Local\Temp\ccJXzcMk.s:2318   .text:000003a8 iis_rec
C:\Users\baneg\AppData\Local\Temp\ccJXzcMk.s:2446   .text:00000504 $d
C:\Users\baneg\AppData\Local\Temp\ccJXzcMk.s:2458   .text:00000528 $a
C:\Users\baneg\AppData\Local\Temp\ccJXzcMk.s:2461   .text:00000528 iis_pause
C:\Users\baneg\AppData\Local\Temp\ccJXzcMk.s:2495   .text:00000560 $d
C:\Users\baneg\AppData\Local\Temp\ccJXzcMk.s:2500   .text:00000568 $a
C:\Users\baneg\AppData\Local\Temp\ccJXzcMk.s:2503   .text:00000568 iis_continue
C:\Users\baneg\AppData\Local\Temp\ccJXzcMk.s:2537   .text:000005a0 $d
C:\Users\baneg\AppData\Local\Temp\ccJXzcMk.s:2542   .text:000005a8 $a
C:\Users\baneg\AppData\Local\Temp\ccJXzcMk.s:2545   .text:000005a8 iis_status
C:\Users\baneg\AppData\Local\Temp\ccJXzcMk.s:2573   .text:000005cc $d
C:\Users\baneg\AppData\Local\Temp\ccJXzcMk.s:2577   .text:000005d0 $a
C:\Users\baneg\AppData\Local\Temp\ccJXzcMk.s:2580   .text:000005d0 iis_playwawFile
                     .debug_frame:00000010 $d

UNDEFINED SYMBOLS
bdma0_init
bdma0_open
