   1              		.cpu arm7tdmi
   2              		.fpu softvfp
   3              		.eabi_attribute 20, 1
   4              		.eabi_attribute 21, 1
   5              		.eabi_attribute 23, 3
   6              		.eabi_attribute 24, 1
   7              		.eabi_attribute 25, 1
   8              		.eabi_attribute 26, 1
   9              		.eabi_attribute 30, 6
  10              		.eabi_attribute 18, 4
  11              		.file	"uart.c"
  21              	.Ltext0:
  22              		.file 1 "../src/uart.c"
 1682              		.align	2
 1683              		.global	uart0_init
 1685              	uart0_init:
 1686              	.LFB0:
   1:../src/uart.c **** #include <s3c44b0x.h>
   2:../src/uart.c **** #include <uart.h>
   3:../src/uart.c **** 
   4:../src/uart.c **** void uart0_init( void )
   5:../src/uart.c **** {
 1687              		.loc 1 5 0
 1688              		.cfi_startproc
 1689              		@ Function supports interworking.
 1690              		@ args = 0, pretend = 0, frame = 0
 1691              		@ frame_needed = 1, uses_anonymous_args = 0
 1692 0000 0DC0A0E1 		mov	ip, sp
 1693              	.LCFI0:
 1694              		.cfi_def_cfa_register 12
 1695 0004 00D82DE9 		stmfd	sp!, {fp, ip, lr, pc}
 1696 0008 04B04CE2 		sub	fp, ip, #4
 1697              		.cfi_offset 14, -8
 1698              		.cfi_offset 13, -12
 1699              		.cfi_offset 11, -16
 1700              	.LCFI1:
 1701              		.cfi_def_cfa 11, 4
   6:../src/uart.c ****     UFCON0 = 0x1;
 1702              		.loc 1 6 0
 1703 000c 40309FE5 		ldr	r3, .L2
 1704 0010 0120A0E3 		mov	r2, #1
 1705 0014 002083E5 		str	r2, [r3, #0]
   7:../src/uart.c ****     UMCON0 = 0x0;
 1706              		.loc 1 7 0
 1707 0018 38309FE5 		ldr	r3, .L2+4
 1708 001c 0020A0E3 		mov	r2, #0
 1709 0020 002083E5 		str	r2, [r3, #0]
   8:../src/uart.c ****     ULCON0 = 0x3;
 1710              		.loc 1 8 0
 1711 0024 1D36A0E3 		mov	r3, #30408704
 1712 0028 0320A0E3 		mov	r2, #3
 1713 002c 002083E5 		str	r2, [r3, #0]
   9:../src/uart.c ****     UBRDIV0 = 0x22;
 1714              		.loc 1 9 0
 1715 0030 24309FE5 		ldr	r3, .L2+8
 1716 0034 2220A0E3 		mov	r2, #34
 1717 0038 002083E5 		str	r2, [r3, #0]
  10:../src/uart.c ****     UCON0 = 0x5;
 1718              		.loc 1 10 0
 1719 003c 1C309FE5 		ldr	r3, .L2+12
 1720 0040 0520A0E3 		mov	r2, #5
 1721 0044 002083E5 		str	r2, [r3, #0]
  11:../src/uart.c **** }
 1722              		.loc 1 11 0
 1723 0048 0CD04BE2 		sub	sp, fp, #12
 1724 004c 00689DE8 		ldmfd	sp, {fp, sp, lr}
 1725 0050 1EFF2FE1 		bx	lr
 1726              	.L3:
 1727              		.align	2
 1728              	.L2:
 1729 0054 0800D001 		.word	30408712
 1730 0058 0C00D001 		.word	30408716
 1731 005c 2800D001 		.word	30408744
 1732 0060 0400D001 		.word	30408708
 1733              		.cfi_endproc
 1734              	.LFE0:
 1736              		.align	2
 1737              		.global	uart0_putchar
 1739              	uart0_putchar:
 1740              	.LFB1:
  12:../src/uart.c **** 
  13:../src/uart.c **** void uart0_putchar( char ch )
  14:../src/uart.c **** {
 1741              		.loc 1 14 0
 1742              		.cfi_startproc
 1743              		@ Function supports interworking.
 1744              		@ args = 0, pretend = 0, frame = 8
 1745              		@ frame_needed = 1, uses_anonymous_args = 0
 1746 0064 0DC0A0E1 		mov	ip, sp
 1747              	.LCFI2:
 1748              		.cfi_def_cfa_register 12
 1749 0068 00D82DE9 		stmfd	sp!, {fp, ip, lr, pc}
 1750 006c 04B04CE2 		sub	fp, ip, #4
 1751              		.cfi_offset 14, -8
 1752              		.cfi_offset 13, -12
 1753              		.cfi_offset 11, -16
 1754              	.LCFI3:
 1755              		.cfi_def_cfa 11, 4
 1756 0070 08D04DE2 		sub	sp, sp, #8
 1757 0074 0030A0E1 		mov	r3, r0
 1758 0078 0D304BE5 		strb	r3, [fp, #-13]
  15:../src/uart.c ****     while( UFSTAT0 & (1<<9) ); // leemos del bit 9 full
 1759              		.loc 1 15 0
 1760 007c 0000A0E1 		mov	r0, r0	@ nop
 1761              	.L5:
 1762              		.loc 1 15 0 is_stmt 0 discriminator 1
 1763 0080 24309FE5 		ldr	r3, .L6
 1764 0084 003093E5 		ldr	r3, [r3, #0]
 1765 0088 023C03E2 		and	r3, r3, #512
 1766 008c 000053E3 		cmp	r3, #0
 1767 0090 FAFFFF1A 		bne	.L5
  16:../src/uart.c ****     UTXH0 = ch;
 1768              		.loc 1 16 0 is_stmt 1
 1769 0094 14309FE5 		ldr	r3, .L6+4
 1770 0098 0D205BE5 		ldrb	r2, [fp, #-13]	@ zero_extendqisi2
 1771 009c 002083E5 		str	r2, [r3, #0]
  17:../src/uart.c **** }        
 1772              		.loc 1 17 0
 1773 00a0 0CD04BE2 		sub	sp, fp, #12
 1774 00a4 00689DE8 		ldmfd	sp, {fp, sp, lr}
 1775 00a8 1EFF2FE1 		bx	lr
 1776              	.L7:
 1777              		.align	2
 1778              	.L6:
 1779 00ac 1800D001 		.word	30408728
 1780 00b0 2000D001 		.word	30408736
 1781              		.cfi_endproc
 1782              	.LFE1:
 1784              		.align	2
 1785              		.global	uart0_getchar
 1787              	uart0_getchar:
 1788              	.LFB2:
  18:../src/uart.c **** 
  19:../src/uart.c **** char uart0_getchar( void )
  20:../src/uart.c **** {
 1789              		.loc 1 20 0
 1790              		.cfi_startproc
 1791              		@ Function supports interworking.
 1792              		@ args = 0, pretend = 0, frame = 0
 1793              		@ frame_needed = 1, uses_anonymous_args = 0
 1794 00b4 0DC0A0E1 		mov	ip, sp
 1795              	.LCFI4:
 1796              		.cfi_def_cfa_register 12
 1797 00b8 00D82DE9 		stmfd	sp!, {fp, ip, lr, pc}
 1798 00bc 04B04CE2 		sub	fp, ip, #4
 1799              		.cfi_offset 14, -8
 1800              		.cfi_offset 13, -12
 1801              		.cfi_offset 11, -16
 1802              	.LCFI5:
 1803              		.cfi_def_cfa 11, 4
  21:../src/uart.c ****     while( (UFSTAT0 & 0xf) == 0 ); // leemos del URx fifo
 1804              		.loc 1 21 0
 1805 00c0 0000A0E1 		mov	r0, r0	@ nop
 1806              	.L9:
 1807              		.loc 1 21 0 is_stmt 0 discriminator 1
 1808 00c4 28309FE5 		ldr	r3, .L10
 1809 00c8 003093E5 		ldr	r3, [r3, #0]
 1810 00cc 0F3003E2 		and	r3, r3, #15
 1811 00d0 000053E3 		cmp	r3, #0
 1812 00d4 FAFFFF0A 		beq	.L9
  22:../src/uart.c ****     return URXH0;
 1813              		.loc 1 22 0 is_stmt 1
 1814 00d8 18309FE5 		ldr	r3, .L10+4
 1815 00dc 003093E5 		ldr	r3, [r3, #0]
 1816 00e0 FF3003E2 		and	r3, r3, #255
  23:../src/uart.c **** }
 1817              		.loc 1 23 0
 1818 00e4 0300A0E1 		mov	r0, r3
 1819 00e8 0CD04BE2 		sub	sp, fp, #12
 1820 00ec 00689DE8 		ldmfd	sp, {fp, sp, lr}
 1821 00f0 1EFF2FE1 		bx	lr
 1822              	.L11:
 1823              		.align	2
 1824              	.L10:
 1825 00f4 1800D001 		.word	30408728
 1826 00f8 2400D001 		.word	30408740
 1827              		.cfi_endproc
 1828              	.LFE2:
 1830              		.align	2
 1831              		.global	uart0_puts
 1833              	uart0_puts:
 1834              	.LFB3:
  24:../src/uart.c **** 
  25:../src/uart.c **** void uart0_puts( char *s )
  26:../src/uart.c **** {
 1835              		.loc 1 26 0
 1836              		.cfi_startproc
 1837              		@ Function supports interworking.
 1838              		@ args = 0, pretend = 0, frame = 8
 1839              		@ frame_needed = 1, uses_anonymous_args = 0
 1840 00fc 0DC0A0E1 		mov	ip, sp
 1841              	.LCFI6:
 1842              		.cfi_def_cfa_register 12
 1843 0100 00D82DE9 		stmfd	sp!, {fp, ip, lr, pc}
 1844 0104 04B04CE2 		sub	fp, ip, #4
 1845              		.cfi_offset 14, -8
 1846              		.cfi_offset 13, -12
 1847              		.cfi_offset 11, -16
 1848              	.LCFI7:
 1849              		.cfi_def_cfa 11, 4
 1850 0108 08D04DE2 		sub	sp, sp, #8
 1851 010c 10000BE5 		str	r0, [fp, #-16]
  27:../src/uart.c **** 	while( *s  ) uart0_putchar( *s++ );
 1852              		.loc 1 27 0
 1853 0110 060000EA 		b	.L13
 1854              	.L14:
 1855              		.loc 1 27 0 is_stmt 0 discriminator 2
 1856 0114 10301BE5 		ldr	r3, [fp, #-16]
 1857 0118 0030D3E5 		ldrb	r3, [r3, #0]	@ zero_extendqisi2
 1858 011c 10201BE5 		ldr	r2, [fp, #-16]
 1859 0120 012082E2 		add	r2, r2, #1
 1860 0124 10200BE5 		str	r2, [fp, #-16]
 1861 0128 0300A0E1 		mov	r0, r3
 1862 012c FEFFFFEB 		bl	uart0_putchar
 1863              	.L13:
 1864              		.loc 1 27 0 discriminator 1
 1865 0130 10301BE5 		ldr	r3, [fp, #-16]
 1866 0134 0030D3E5 		ldrb	r3, [r3, #0]	@ zero_extendqisi2
 1867 0138 000053E3 		cmp	r3, #0
 1868 013c F4FFFF1A 		bne	.L14
  28:../src/uart.c **** }
 1869              		.loc 1 28 0 is_stmt 1
 1870 0140 0CD04BE2 		sub	sp, fp, #12
 1871 0144 00689DE8 		ldmfd	sp, {fp, sp, lr}
 1872 0148 1EFF2FE1 		bx	lr
 1873              		.cfi_endproc
 1874              	.LFE3:
 1876              		.align	2
 1877              		.global	uart0_putint
 1879              	uart0_putint:
 1880              	.LFB4:
  29:../src/uart.c **** 
  30:../src/uart.c **** void uart0_putint( int32 i )
  31:../src/uart.c **** {
 1881              		.loc 1 31 0
 1882              		.cfi_startproc
 1883              		@ Function supports interworking.
 1884              		@ args = 0, pretend = 0, frame = 32
 1885              		@ frame_needed = 1, uses_anonymous_args = 0
 1886 014c 0DC0A0E1 		mov	ip, sp
 1887              	.LCFI8:
 1888              		.cfi_def_cfa_register 12
 1889 0150 00D82DE9 		stmfd	sp!, {fp, ip, lr, pc}
 1890 0154 04B04CE2 		sub	fp, ip, #4
 1891              		.cfi_offset 14, -8
 1892              		.cfi_offset 13, -12
 1893              		.cfi_offset 11, -16
 1894              	.LCFI9:
 1895              		.cfi_def_cfa 11, 4
 1896 0158 20D04DE2 		sub	sp, sp, #32
 1897 015c 28000BE5 		str	r0, [fp, #-40]
  32:../src/uart.c **** 	int8 num = 1;
 1898              		.loc 1 32 0
 1899 0160 0130A0E3 		mov	r3, #1
 1900 0164 0D304BE5 		strb	r3, [fp, #-13]
  33:../src/uart.c **** 	if(i < 0) {
 1901              		.loc 1 33 0
 1902 0168 28301BE5 		ldr	r3, [fp, #-40]
 1903 016c 000053E3 		cmp	r3, #0
 1904 0170 040000AA 		bge	.L16
  34:../src/uart.c **** 		num = -1;
 1905              		.loc 1 34 0
 1906 0174 0030E0E3 		mvn	r3, #0
 1907 0178 0D304BE5 		strb	r3, [fp, #-13]
  35:../src/uart.c **** 		i *= -1;
 1908              		.loc 1 35 0
 1909 017c 28301BE5 		ldr	r3, [fp, #-40]
 1910 0180 003063E2 		rsb	r3, r3, #0
 1911 0184 28300BE5 		str	r3, [fp, #-40]
 1912              	.L16:
  36:../src/uart.c **** 	}
  37:../src/uart.c **** 
  38:../src/uart.c ****     char buf[8 + 1];
  39:../src/uart.c ****     char *p = buf + 8;
 1913              		.loc 1 39 0
 1914 0188 20304BE2 		sub	r3, fp, #32
 1915 018c 083083E2 		add	r3, r3, #8
 1916 0190 14300BE5 		str	r3, [fp, #-20]
  40:../src/uart.c ****     int8 c;
  41:../src/uart.c **** 
  42:../src/uart.c ****     *p = '\0';
 1917              		.loc 1 42 0
 1918 0194 14301BE5 		ldr	r3, [fp, #-20]
 1919 0198 0020A0E3 		mov	r2, #0
 1920 019c 0020C3E5 		strb	r2, [r3, #0]
 1921              	.L17:
  43:../src/uart.c **** 
  44:../src/uart.c ****     do {
  45:../src/uart.c ****         c = i % 10;
 1922              		.loc 1 45 0 discriminator 1
 1923 01a0 28101BE5 		ldr	r1, [fp, #-40]
 1924 01a4 A8309FE5 		ldr	r3, .L19
 1925 01a8 9123C3E0 		smull	r2, r3, r1, r3
 1926 01ac 4321A0E1 		mov	r2, r3, asr #2
 1927 01b0 C13FA0E1 		mov	r3, r1, asr #31
 1928 01b4 022063E0 		rsb	r2, r3, r2
 1929 01b8 0230A0E1 		mov	r3, r2
 1930 01bc 0331A0E1 		mov	r3, r3, asl #2
 1931 01c0 023083E0 		add	r3, r3, r2
 1932 01c4 8330A0E1 		mov	r3, r3, asl #1
 1933 01c8 012063E0 		rsb	r2, r3, r1
 1934 01cc 0230A0E1 		mov	r3, r2
 1935 01d0 15304BE5 		strb	r3, [fp, #-21]
  46:../src/uart.c ****         *--p = '0' + c;
 1936              		.loc 1 46 0 discriminator 1
 1937 01d4 14301BE5 		ldr	r3, [fp, #-20]
 1938 01d8 013043E2 		sub	r3, r3, #1
 1939 01dc 14300BE5 		str	r3, [fp, #-20]
 1940 01e0 15305BE5 		ldrb	r3, [fp, #-21]	@ zero_extendqisi2
 1941 01e4 303083E2 		add	r3, r3, #48
 1942 01e8 FF2003E2 		and	r2, r3, #255
 1943 01ec 14301BE5 		ldr	r3, [fp, #-20]
 1944 01f0 0020C3E5 		strb	r2, [r3, #0]
  47:../src/uart.c ****         i /= 10;
 1945              		.loc 1 47 0 discriminator 1
 1946 01f4 28301BE5 		ldr	r3, [fp, #-40]
 1947 01f8 54209FE5 		ldr	r2, .L19
 1948 01fc 9312C2E0 		smull	r1, r2, r3, r2
 1949 0200 4221A0E1 		mov	r2, r2, asr #2
 1950 0204 C33FA0E1 		mov	r3, r3, asr #31
 1951 0208 023063E0 		rsb	r3, r3, r2
 1952 020c 28300BE5 		str	r3, [fp, #-40]
  48:../src/uart.c ****     } while( i > 0 );
 1953              		.loc 1 48 0 discriminator 1
 1954 0210 28301BE5 		ldr	r3, [fp, #-40]
 1955 0214 000053E3 		cmp	r3, #0
 1956 0218 E0FFFFCA 		bgt	.L17
  49:../src/uart.c **** 
  50:../src/uart.c ****     if(num == -1) *--p = '-';
 1957              		.loc 1 50 0
 1958 021c DD305BE1 		ldrsb	r3, [fp, #-13]
 1959 0220 010073E3 		cmn	r3, #1
 1960 0224 0500001A 		bne	.L18
 1961              		.loc 1 50 0 is_stmt 0 discriminator 1
 1962 0228 14301BE5 		ldr	r3, [fp, #-20]
 1963 022c 013043E2 		sub	r3, r3, #1
 1964 0230 14300BE5 		str	r3, [fp, #-20]
 1965 0234 14301BE5 		ldr	r3, [fp, #-20]
 1966 0238 2D20A0E3 		mov	r2, #45
 1967 023c 0020C3E5 		strb	r2, [r3, #0]
 1968              	.L18:
  51:../src/uart.c **** 
  52:../src/uart.c ****     uart0_puts( p );
 1969              		.loc 1 52 0 is_stmt 1
 1970 0240 14001BE5 		ldr	r0, [fp, #-20]
 1971 0244 FEFFFFEB 		bl	uart0_puts
  53:../src/uart.c **** }
 1972              		.loc 1 53 0
 1973 0248 0CD04BE2 		sub	sp, fp, #12
 1974 024c 00689DE8 		ldmfd	sp, {fp, sp, lr}
 1975 0250 1EFF2FE1 		bx	lr
 1976              	.L20:
 1977              		.align	2
 1978              	.L19:
 1979 0254 67666666 		.word	1717986919
 1980              		.cfi_endproc
 1981              	.LFE4:
 1983              		.align	2
 1984              		.global	uart0_puthex
 1986              	uart0_puthex:
 1987              	.LFB5:
  54:../src/uart.c **** 
  55:../src/uart.c **** void uart0_puthex( uint32 i )
  56:../src/uart.c **** {
 1988              		.loc 1 56 0
 1989              		.cfi_startproc
 1990              		@ Function supports interworking.
 1991              		@ args = 0, pretend = 0, frame = 24
 1992              		@ frame_needed = 1, uses_anonymous_args = 0
 1993 0258 0DC0A0E1 		mov	ip, sp
 1994              	.LCFI10:
 1995              		.cfi_def_cfa_register 12
 1996 025c 00D82DE9 		stmfd	sp!, {fp, ip, lr, pc}
 1997 0260 04B04CE2 		sub	fp, ip, #4
 1998              		.cfi_offset 14, -8
 1999              		.cfi_offset 13, -12
 2000              		.cfi_offset 11, -16
 2001              	.LCFI11:
 2002              		.cfi_def_cfa 11, 4
 2003 0264 18D04DE2 		sub	sp, sp, #24
 2004 0268 20000BE5 		str	r0, [fp, #-32]
  57:../src/uart.c ****     char buf[8 + 1];
  58:../src/uart.c ****     char *p = buf + 8;
 2005              		.loc 1 58 0
 2006 026c 1C304BE2 		sub	r3, fp, #28
 2007 0270 083083E2 		add	r3, r3, #8
 2008 0274 10300BE5 		str	r3, [fp, #-16]
  59:../src/uart.c ****     uint8 c;
  60:../src/uart.c **** 
  61:../src/uart.c ****     *p = '\0';
 2009              		.loc 1 61 0
 2010 0278 10301BE5 		ldr	r3, [fp, #-16]
 2011 027c 0020A0E3 		mov	r2, #0
 2012 0280 0020C3E5 		strb	r2, [r3, #0]
 2013              	.L24:
  62:../src/uart.c **** 
  63:../src/uart.c ****     do {
  64:../src/uart.c ****         c = i & 0xf;
 2014              		.loc 1 64 0
 2015 0284 20301BE5 		ldr	r3, [fp, #-32]
 2016 0288 FF3003E2 		and	r3, r3, #255
 2017 028c 0F3003E2 		and	r3, r3, #15
 2018 0290 11304BE5 		strb	r3, [fp, #-17]
  65:../src/uart.c ****         if( c < 10 )
 2019              		.loc 1 65 0
 2020 0294 11305BE5 		ldrb	r3, [fp, #-17]	@ zero_extendqisi2
 2021 0298 090053E3 		cmp	r3, #9
 2022 029c 0800008A 		bhi	.L22
  66:../src/uart.c ****             *--p = '0' + c;
 2023              		.loc 1 66 0
 2024 02a0 10301BE5 		ldr	r3, [fp, #-16]
 2025 02a4 013043E2 		sub	r3, r3, #1
 2026 02a8 10300BE5 		str	r3, [fp, #-16]
 2027 02ac 11305BE5 		ldrb	r3, [fp, #-17]
 2028 02b0 303083E2 		add	r3, r3, #48
 2029 02b4 FF2003E2 		and	r2, r3, #255
 2030 02b8 10301BE5 		ldr	r3, [fp, #-16]
 2031 02bc 0020C3E5 		strb	r2, [r3, #0]
 2032 02c0 070000EA 		b	.L23
 2033              	.L22:
  67:../src/uart.c ****         else
  68:../src/uart.c ****             *--p = 'a' + c - 10;
 2034              		.loc 1 68 0
 2035 02c4 10301BE5 		ldr	r3, [fp, #-16]
 2036 02c8 013043E2 		sub	r3, r3, #1
 2037 02cc 10300BE5 		str	r3, [fp, #-16]
 2038 02d0 11305BE5 		ldrb	r3, [fp, #-17]
 2039 02d4 573083E2 		add	r3, r3, #87
 2040 02d8 FF2003E2 		and	r2, r3, #255
 2041 02dc 10301BE5 		ldr	r3, [fp, #-16]
 2042 02e0 0020C3E5 		strb	r2, [r3, #0]
 2043              	.L23:
  69:../src/uart.c ****         i = i >> 4;
 2044              		.loc 1 69 0
 2045 02e4 20301BE5 		ldr	r3, [fp, #-32]
 2046 02e8 2332A0E1 		mov	r3, r3, lsr #4
 2047 02ec 20300BE5 		str	r3, [fp, #-32]
  70:../src/uart.c ****     } while( i );
 2048              		.loc 1 70 0
 2049 02f0 20301BE5 		ldr	r3, [fp, #-32]
 2050 02f4 000053E3 		cmp	r3, #0
 2051 02f8 E1FFFF1A 		bne	.L24
  71:../src/uart.c **** 
  72:../src/uart.c ****     uart0_puts( p );
 2052              		.loc 1 72 0
 2053 02fc 10001BE5 		ldr	r0, [fp, #-16]
 2054 0300 FEFFFFEB 		bl	uart0_puts
  73:../src/uart.c **** }
 2055              		.loc 1 73 0
 2056 0304 0CD04BE2 		sub	sp, fp, #12
 2057 0308 00689DE8 		ldmfd	sp, {fp, sp, lr}
 2058 030c 1EFF2FE1 		bx	lr
 2059              		.cfi_endproc
 2060              	.LFE5:
 2062              		.align	2
 2063              		.global	uart0_gets
 2065              	uart0_gets:
 2066              	.LFB6:
  74:../src/uart.c **** 
  75:../src/uart.c **** void uart0_gets( char *s )
  76:../src/uart.c **** {
 2067              		.loc 1 76 0
 2068              		.cfi_startproc
 2069              		@ Function supports interworking.
 2070              		@ args = 0, pretend = 0, frame = 16
 2071              		@ frame_needed = 1, uses_anonymous_args = 0
 2072 0310 0DC0A0E1 		mov	ip, sp
 2073              	.LCFI12:
 2074              		.cfi_def_cfa_register 12
 2075 0314 10D82DE9 		stmfd	sp!, {r4, fp, ip, lr, pc}
 2076 0318 04B04CE2 		sub	fp, ip, #4
 2077              		.cfi_offset 14, -8
 2078              		.cfi_offset 13, -12
 2079              		.cfi_offset 11, -16
 2080              		.cfi_offset 4, -20
 2081              	.LCFI13:
 2082              		.cfi_def_cfa 11, 4
 2083 031c 14D04DE2 		sub	sp, sp, #20
 2084 0320 20000BE5 		str	r0, [fp, #-32]
  77:../src/uart.c **** 	int i = 0;
 2085              		.loc 1 77 0
 2086 0324 0030A0E3 		mov	r3, #0
 2087 0328 18300BE5 		str	r3, [fp, #-24]
  78:../src/uart.c **** 	while( (s[i] = uart0_getchar( )) != '\n' ) i++;
 2088              		.loc 1 78 0
 2089 032c 020000EA 		b	.L26
 2090              	.L27:
 2091              		.loc 1 78 0 is_stmt 0 discriminator 2
 2092 0330 18301BE5 		ldr	r3, [fp, #-24]
 2093 0334 013083E2 		add	r3, r3, #1
 2094 0338 18300BE5 		str	r3, [fp, #-24]
 2095              	.L26:
 2096              		.loc 1 78 0 discriminator 1
 2097 033c 18301BE5 		ldr	r3, [fp, #-24]
 2098 0340 20201BE5 		ldr	r2, [fp, #-32]
 2099 0344 034082E0 		add	r4, r2, r3
 2100 0348 FEFFFFEB 		bl	uart0_getchar
 2101 034c 0030A0E1 		mov	r3, r0
 2102 0350 0030C4E5 		strb	r3, [r4, #0]
 2103 0354 0030D4E5 		ldrb	r3, [r4, #0]	@ zero_extendqisi2
 2104 0358 0A0053E3 		cmp	r3, #10
 2105 035c F3FFFF1A 		bne	.L27
  79:../src/uart.c **** 	s[i] = '\0';
 2106              		.loc 1 79 0 is_stmt 1
 2107 0360 18301BE5 		ldr	r3, [fp, #-24]
 2108 0364 20201BE5 		ldr	r2, [fp, #-32]
 2109 0368 033082E0 		add	r3, r2, r3
 2110 036c 0020A0E3 		mov	r2, #0
 2111 0370 0020C3E5 		strb	r2, [r3, #0]
  80:../src/uart.c **** }
 2112              		.loc 1 80 0
 2113 0374 10D04BE2 		sub	sp, fp, #16
 2114 0378 10689DE8 		ldmfd	sp, {r4, fp, sp, lr}
 2115 037c 1EFF2FE1 		bx	lr
 2116              		.cfi_endproc
 2117              	.LFE6:
 2119              		.align	2
 2120              		.global	uart0_getint
 2122              	uart0_getint:
 2123              	.LFB7:
  81:../src/uart.c **** 
  82:../src/uart.c **** int32 uart0_getint( void )
  83:../src/uart.c **** {
 2124              		.loc 1 83 0
 2125              		.cfi_startproc
 2126              		@ Function supports interworking.
 2127              		@ args = 0, pretend = 0, frame = 8
 2128              		@ frame_needed = 1, uses_anonymous_args = 0
 2129 0380 0DC0A0E1 		mov	ip, sp
 2130              	.LCFI14:
 2131              		.cfi_def_cfa_register 12
 2132 0384 00D82DE9 		stmfd	sp!, {fp, ip, lr, pc}
 2133 0388 04B04CE2 		sub	fp, ip, #4
 2134              		.cfi_offset 14, -8
 2135              		.cfi_offset 13, -12
 2136              		.cfi_offset 11, -16
 2137              	.LCFI15:
 2138              		.cfi_def_cfa 11, 4
 2139 038c 08D04DE2 		sub	sp, sp, #8
  84:../src/uart.c **** 	int32 num = 0;
 2140              		.loc 1 84 0
 2141 0390 0030A0E3 		mov	r3, #0
 2142 0394 10300BE5 		str	r3, [fp, #-16]
  85:../src/uart.c **** 	char n = uart0_getchar( );
 2143              		.loc 1 85 0
 2144 0398 FEFFFFEB 		bl	uart0_getchar
 2145 039c 0030A0E1 		mov	r3, r0
 2146 03a0 11304BE5 		strb	r3, [fp, #-17]
  86:../src/uart.c **** 	int8 neg = 1;
 2147              		.loc 1 86 0
 2148 03a4 0130A0E3 		mov	r3, #1
 2149 03a8 12304BE5 		strb	r3, [fp, #-18]
  87:../src/uart.c **** 
  88:../src/uart.c **** 	while( n != '\n' ) {
 2150              		.loc 1 88 0
 2151 03ac 130000EA 		b	.L29
 2152              	.L32:
  89:../src/uart.c **** 		if(n == '-') neg = -1;
 2153              		.loc 1 89 0
 2154 03b0 11305BE5 		ldrb	r3, [fp, #-17]	@ zero_extendqisi2
 2155 03b4 2D0053E3 		cmp	r3, #45
 2156 03b8 0200001A 		bne	.L30
 2157              		.loc 1 89 0 is_stmt 0 discriminator 1
 2158 03bc 0030E0E3 		mvn	r3, #0
 2159 03c0 12304BE5 		strb	r3, [fp, #-18]
 2160 03c4 0A0000EA 		b	.L31
 2161              	.L30:
  90:../src/uart.c **** 		else {
  91:../src/uart.c **** 			num *= 10;
 2162              		.loc 1 91 0 is_stmt 1
 2163 03c8 10201BE5 		ldr	r2, [fp, #-16]
 2164 03cc 0230A0E1 		mov	r3, r2
 2165 03d0 0331A0E1 		mov	r3, r3, asl #2
 2166 03d4 023083E0 		add	r3, r3, r2
 2167 03d8 8330A0E1 		mov	r3, r3, asl #1
 2168 03dc 10300BE5 		str	r3, [fp, #-16]
  92:../src/uart.c **** 			num += (n - '0');
 2169              		.loc 1 92 0
 2170 03e0 11305BE5 		ldrb	r3, [fp, #-17]	@ zero_extendqisi2
 2171 03e4 303043E2 		sub	r3, r3, #48
 2172 03e8 10201BE5 		ldr	r2, [fp, #-16]
 2173 03ec 033082E0 		add	r3, r2, r3
 2174 03f0 10300BE5 		str	r3, [fp, #-16]
 2175              	.L31:
  93:../src/uart.c **** 		}
  94:../src/uart.c **** 		n = uart0_getchar( );
 2176              		.loc 1 94 0
 2177 03f4 FEFFFFEB 		bl	uart0_getchar
 2178 03f8 0030A0E1 		mov	r3, r0
 2179 03fc 11304BE5 		strb	r3, [fp, #-17]
 2180              	.L29:
  88:../src/uart.c **** 	while( n != '\n' ) {
 2181              		.loc 1 88 0 discriminator 1
 2182 0400 11305BE5 		ldrb	r3, [fp, #-17]	@ zero_extendqisi2
 2183 0404 0A0053E3 		cmp	r3, #10
 2184 0408 E8FFFF1A 		bne	.L32
  95:../src/uart.c **** 	}
  96:../src/uart.c **** 	return num * neg;
 2185              		.loc 1 96 0
 2186 040c D2315BE1 		ldrsb	r3, [fp, #-18]
 2187 0410 10201BE5 		ldr	r2, [fp, #-16]
 2188 0414 920303E0 		mul	r3, r2, r3
  97:../src/uart.c **** }
 2189              		.loc 1 97 0
 2190 0418 0300A0E1 		mov	r0, r3
 2191 041c 0CD04BE2 		sub	sp, fp, #12
 2192 0420 00689DE8 		ldmfd	sp, {fp, sp, lr}
 2193 0424 1EFF2FE1 		bx	lr
 2194              		.cfi_endproc
 2195              	.LFE7:
 2197              		.align	2
 2198              		.global	uart0_gethex
 2200              	uart0_gethex:
 2201              	.LFB8:
  98:../src/uart.c **** 
  99:../src/uart.c **** uint32 uart0_gethex( void )
 100:../src/uart.c **** {
 2202              		.loc 1 100 0
 2203              		.cfi_startproc
 2204              		@ Function supports interworking.
 2205              		@ args = 0, pretend = 0, frame = 8
 2206              		@ frame_needed = 1, uses_anonymous_args = 0
 2207 0428 0DC0A0E1 		mov	ip, sp
 2208              	.LCFI16:
 2209              		.cfi_def_cfa_register 12
 2210 042c 00D82DE9 		stmfd	sp!, {fp, ip, lr, pc}
 2211 0430 04B04CE2 		sub	fp, ip, #4
 2212              		.cfi_offset 14, -8
 2213              		.cfi_offset 13, -12
 2214              		.cfi_offset 11, -16
 2215              	.LCFI17:
 2216              		.cfi_def_cfa 11, 4
 2217 0434 08D04DE2 		sub	sp, sp, #8
 101:../src/uart.c **** 	uint32 num = 0;
 2218              		.loc 1 101 0
 2219 0438 0030A0E3 		mov	r3, #0
 2220 043c 10300BE5 		str	r3, [fp, #-16]
 102:../src/uart.c **** 	char n = uart0_getchar( );
 2221              		.loc 1 102 0
 2222 0440 FEFFFFEB 		bl	uart0_getchar
 2223 0444 0030A0E1 		mov	r3, r0
 2224 0448 11304BE5 		strb	r3, [fp, #-17]
 103:../src/uart.c **** 
 104:../src/uart.c **** 	while( n != '\n' ) {
 2225              		.loc 1 104 0
 2226 044c 140000EA 		b	.L34
 2227              	.L37:
 105:../src/uart.c **** 		num *= 16;
 2228              		.loc 1 105 0
 2229 0450 10301BE5 		ldr	r3, [fp, #-16]
 2230 0454 0332A0E1 		mov	r3, r3, asl #4
 2231 0458 10300BE5 		str	r3, [fp, #-16]
 106:../src/uart.c **** 		if(n - '0' < 10) num += (n - '0');
 2232              		.loc 1 106 0
 2233 045c 11305BE5 		ldrb	r3, [fp, #-17]	@ zero_extendqisi2
 2234 0460 303043E2 		sub	r3, r3, #48
 2235 0464 090053E3 		cmp	r3, #9
 2236 0468 050000CA 		bgt	.L35
 2237              		.loc 1 106 0 is_stmt 0 discriminator 1
 2238 046c 11205BE5 		ldrb	r2, [fp, #-17]	@ zero_extendqisi2
 2239 0470 10301BE5 		ldr	r3, [fp, #-16]
 2240 0474 033082E0 		add	r3, r2, r3
 2241 0478 303043E2 		sub	r3, r3, #48
 2242 047c 10300BE5 		str	r3, [fp, #-16]
 2243 0480 040000EA 		b	.L36
 2244              	.L35:
 107:../src/uart.c **** 		else num += ((n - 'A') + 10);
 2245              		.loc 1 107 0 is_stmt 1
 2246 0484 11205BE5 		ldrb	r2, [fp, #-17]	@ zero_extendqisi2
 2247 0488 10301BE5 		ldr	r3, [fp, #-16]
 2248 048c 033082E0 		add	r3, r2, r3
 2249 0490 373043E2 		sub	r3, r3, #55
 2250 0494 10300BE5 		str	r3, [fp, #-16]
 2251              	.L36:
 108:../src/uart.c **** 		n = uart0_getchar( );
 2252              		.loc 1 108 0
 2253 0498 FEFFFFEB 		bl	uart0_getchar
 2254 049c 0030A0E1 		mov	r3, r0
 2255 04a0 11304BE5 		strb	r3, [fp, #-17]
 2256              	.L34:
 104:../src/uart.c **** 	while( n != '\n' ) {
 2257              		.loc 1 104 0 discriminator 1
 2258 04a4 11305BE5 		ldrb	r3, [fp, #-17]	@ zero_extendqisi2
 2259 04a8 0A0053E3 		cmp	r3, #10
 2260 04ac E7FFFF1A 		bne	.L37
 109:../src/uart.c **** 	}
 110:../src/uart.c **** 	return num;
 2261              		.loc 1 110 0
 2262 04b0 10301BE5 		ldr	r3, [fp, #-16]
 111:../src/uart.c **** }
 2263              		.loc 1 111 0
 2264 04b4 0300A0E1 		mov	r0, r3
 2265 04b8 0CD04BE2 		sub	sp, fp, #12
 2266 04bc 00689DE8 		ldmfd	sp, {fp, sp, lr}
 2267 04c0 1EFF2FE1 		bx	lr
 2268              		.cfi_endproc
 2269              	.LFE8:
 2271              	.Letext0:
DEFINED SYMBOLS
                            *ABS*:00000000 uart.c
C:\Users\baneg\AppData\Local\Temp\ccpbDhmr.s:1682   .text:00000000 $a
C:\Users\baneg\AppData\Local\Temp\ccpbDhmr.s:1685   .text:00000000 uart0_init
C:\Users\baneg\AppData\Local\Temp\ccpbDhmr.s:1729   .text:00000054 $d
C:\Users\baneg\AppData\Local\Temp\ccpbDhmr.s:1736   .text:00000064 $a
C:\Users\baneg\AppData\Local\Temp\ccpbDhmr.s:1739   .text:00000064 uart0_putchar
C:\Users\baneg\AppData\Local\Temp\ccpbDhmr.s:1779   .text:000000ac $d
C:\Users\baneg\AppData\Local\Temp\ccpbDhmr.s:1784   .text:000000b4 $a
C:\Users\baneg\AppData\Local\Temp\ccpbDhmr.s:1787   .text:000000b4 uart0_getchar
C:\Users\baneg\AppData\Local\Temp\ccpbDhmr.s:1825   .text:000000f4 $d
C:\Users\baneg\AppData\Local\Temp\ccpbDhmr.s:1830   .text:000000fc $a
C:\Users\baneg\AppData\Local\Temp\ccpbDhmr.s:1833   .text:000000fc uart0_puts
C:\Users\baneg\AppData\Local\Temp\ccpbDhmr.s:1879   .text:0000014c uart0_putint
C:\Users\baneg\AppData\Local\Temp\ccpbDhmr.s:1979   .text:00000254 $d
C:\Users\baneg\AppData\Local\Temp\ccpbDhmr.s:1983   .text:00000258 $a
C:\Users\baneg\AppData\Local\Temp\ccpbDhmr.s:1986   .text:00000258 uart0_puthex
C:\Users\baneg\AppData\Local\Temp\ccpbDhmr.s:2065   .text:00000310 uart0_gets
C:\Users\baneg\AppData\Local\Temp\ccpbDhmr.s:2122   .text:00000380 uart0_getint
C:\Users\baneg\AppData\Local\Temp\ccpbDhmr.s:2200   .text:00000428 uart0_gethex
                     .debug_frame:00000010 $d

NO UNDEFINED SYMBOLS
